{"/home/travis/build/npmtest/node-npmtest-consolidate/test.js":{"path":"/home/travis/build/npmtest/node-npmtest-consolidate/test.js","s":{"1":2,"2":2,"3":2,"4":2,"5":2,"6":2,"7":2,"8":1,"9":2,"10":2,"11":1,"12":1,"13":1,"14":1,"15":2,"16":2,"17":2,"18":2,"19":1,"20":1,"21":2,"22":2,"23":2,"24":1,"25":1,"26":1,"27":1,"28":1,"29":1,"30":1,"31":1,"32":1,"33":1,"34":1,"35":1,"36":1,"37":1,"38":1,"39":2,"40":2,"41":1,"42":2,"43":2,"44":1,"45":2,"46":2,"47":1,"48":2,"49":2,"50":1,"51":1,"52":1,"53":1,"54":1},"b":{"1":[2,1,1,1],"2":[1,1,1,1],"3":[1,1],"4":[1,1],"5":[1,1],"6":[1,1],"7":[1,1],"8":[1,1],"9":[1,1],"10":[1,1,1],"11":[1,1],"12":[1,1],"13":[1,1],"14":[1,1],"15":[1,1],"16":[1,1],"17":[1,1]},"f":{"1":2,"2":2,"3":2,"4":2,"5":2,"6":1,"7":1,"8":1,"9":2,"10":2,"11":2,"12":2,"13":1},"fnMap":{"1":{"name":"(anonymous_1)","line":12,"loc":{"start":{"line":12,"column":1},"end":{"line":12,"column":13}}},"2":{"name":"(anonymous_2)","line":19,"loc":{"start":{"line":19,"column":5},"end":{"line":19,"column":17}}},"3":{"name":"(anonymous_3)","line":23,"loc":{"start":{"line":23,"column":24},"end":{"line":23,"column":36}}},"4":{"name":"(anonymous_4)","line":61,"loc":{"start":{"line":61,"column":5},"end":{"line":61,"column":17}}},"5":{"name":"(anonymous_5)","line":82,"loc":{"start":{"line":82,"column":5},"end":{"line":82,"column":17}}},"6":{"name":"(anonymous_6)","line":91,"loc":{"start":{"line":91,"column":77},"end":{"line":94,"column":10}}},"7":{"name":"(anonymous_7)","line":112,"loc":{"start":{"line":112,"column":83},"end":{"line":115,"column":10}},"skip":true},"8":{"name":"(anonymous_8)","line":123,"loc":{"start":{"line":123,"column":77},"end":{"line":126,"column":10}},"skip":true},"9":{"name":"(anonymous_9)","line":139,"loc":{"start":{"line":139,"column":12},"end":{"line":139,"column":40}},"skip":true},"10":{"name":"(anonymous_10)","line":147,"loc":{"start":{"line":147,"column":77},"end":{"line":150,"column":10}},"skip":true},"11":{"name":"(anonymous_11)","line":158,"loc":{"start":{"line":158,"column":83},"end":{"line":161,"column":10}},"skip":true},"12":{"name":"(anonymous_12)","line":169,"loc":{"start":{"line":169,"column":79},"end":{"line":172,"column":10}},"skip":true},"13":{"name":"(anonymous_13)","line":180,"loc":{"start":{"line":180,"column":75},"end":{"line":183,"column":10}},"skip":true}},"statementMap":{"1":{"start":{"line":12,"column":0},"end":{"line":195,"column":5}},"2":{"start":{"line":14,"column":4},"end":{"line":14,"column":14}},"3":{"start":{"line":19,"column":4},"end":{"line":56,"column":9}},"4":{"start":{"line":21,"column":8},"end":{"line":21,"column":19}},"5":{"start":{"line":23,"column":8},"end":{"line":35,"column":13}},"6":{"start":{"line":24,"column":12},"end":{"line":34,"column":13}},"7":{"start":{"line":25,"column":16},"end":{"line":28,"column":30}},"8":{"start":{"line":30,"column":16},"end":{"line":33,"column":27}},"9":{"start":{"line":37,"column":8},"end":{"line":39,"column":21}},"10":{"start":{"line":40,"column":8},"end":{"line":53,"column":9}},"11":{"start":{"line":43,"column":12},"end":{"line":46,"column":14}},"12":{"start":{"line":47,"column":12},"end":{"line":47,"column":18}},"13":{"start":{"line":50,"column":12},"end":{"line":51,"column":46}},"14":{"start":{"line":52,"column":12},"end":{"line":52,"column":18}},"15":{"start":{"line":55,"column":8},"end":{"line":55,"column":35}},"16":{"start":{"line":61,"column":4},"end":{"line":63,"column":9}},"17":{"start":{"line":62,"column":8},"end":{"line":62,"column":15}},"18":{"start":{"line":64,"column":4},"end":{"line":77,"column":5}},"19":{"start":{"line":70,"column":8},"end":{"line":70,"column":14}},"20":{"start":{"line":76,"column":8},"end":{"line":76,"column":14}},"21":{"start":{"line":82,"column":4},"end":{"line":84,"column":9}},"22":{"start":{"line":83,"column":8},"end":{"line":83,"column":15}},"23":{"start":{"line":85,"column":4},"end":{"line":194,"column":5}},"24":{"start":{"line":91,"column":8},"end":{"line":99,"column":10}},"25":{"start":{"line":98,"column":12},"end":{"line":98,"column":35}},"26":{"start":{"line":102,"column":8},"end":{"line":104,"column":63}},"27":{"start":{"line":105,"column":8},"end":{"line":105,"column":14}},"28":{"start":{"line":112,"column":8},"end":{"line":121,"column":10},"skip":true},"29":{"start":{"line":119,"column":12},"end":{"line":119,"column":55},"skip":true},"30":{"start":{"line":120,"column":12},"end":{"line":120,"column":48},"skip":true},"31":{"start":{"line":123,"column":8},"end":{"line":136,"column":10},"skip":true},"32":{"start":{"line":130,"column":12},"end":{"line":130,"column":76},"skip":true},"33":{"start":{"line":131,"column":12},"end":{"line":131,"column":73},"skip":true},"34":{"start":{"line":132,"column":12},"end":{"line":132,"column":74},"skip":true},"35":{"start":{"line":133,"column":12},"end":{"line":133,"column":79},"skip":true},"36":{"start":{"line":134,"column":12},"end":{"line":134,"column":25},"skip":true},"37":{"start":{"line":135,"column":12},"end":{"line":135,"column":45},"skip":true},"38":{"start":{"line":138,"column":8},"end":{"line":145,"column":14},"skip":true},"39":{"start":{"line":143,"column":16},"end":{"line":143,"column":29},"skip":true},"40":{"start":{"line":144,"column":16},"end":{"line":144,"column":55},"skip":true},"41":{"start":{"line":147,"column":8},"end":{"line":156,"column":10},"skip":true},"42":{"start":{"line":154,"column":12},"end":{"line":154,"column":25},"skip":true},"43":{"start":{"line":155,"column":12},"end":{"line":155,"column":45},"skip":true},"44":{"start":{"line":158,"column":8},"end":{"line":167,"column":10},"skip":true},"45":{"start":{"line":165,"column":12},"end":{"line":165,"column":25},"skip":true},"46":{"start":{"line":166,"column":12},"end":{"line":166,"column":48},"skip":true},"47":{"start":{"line":169,"column":8},"end":{"line":178,"column":10},"skip":true},"48":{"start":{"line":176,"column":12},"end":{"line":176,"column":25},"skip":true},"49":{"start":{"line":177,"column":12},"end":{"line":177,"column":46},"skip":true},"50":{"start":{"line":180,"column":8},"end":{"line":189,"column":10},"skip":true},"51":{"start":{"line":187,"column":12},"end":{"line":187,"column":94},"skip":true},"52":{"start":{"line":188,"column":12},"end":{"line":188,"column":48},"skip":true},"53":{"start":{"line":192,"column":8},"end":{"line":192,"column":35},"skip":true},"54":{"start":{"line":193,"column":8},"end":{"line":193,"column":14},"skip":true}},"branchMap":{"1":{"line":25,"type":"binary-expr","locations":[{"start":{"line":25,"column":23},"end":{"line":25,"column":62}},{"start":{"line":26,"column":20},"end":{"line":26,"column":70}},{"start":{"line":27,"column":20},"end":{"line":27,"column":71}},{"start":{"line":28,"column":20},"end":{"line":28,"column":29}}]},"2":{"line":30,"type":"binary-expr","locations":[{"start":{"line":30,"column":23},"end":{"line":30,"column":37}},{"start":{"line":31,"column":20},"end":{"line":31,"column":61}},{"start":{"line":32,"column":20},"end":{"line":32,"column":70}},{"start":{"line":33,"column":20},"end":{"line":33,"column":26}}]},"3":{"line":37,"type":"cond-expr","locations":[{"start":{"line":38,"column":14},"end":{"line":38,"column":20}},{"start":{"line":39,"column":14},"end":{"line":39,"column":20}}]},"4":{"line":40,"type":"switch","locations":[{"start":{"line":42,"column":8},"end":{"line":47,"column":18}},{"start":{"line":49,"column":8},"end":{"line":52,"column":18}}]},"5":{"line":44,"type":"binary-expr","locations":[{"start":{"line":44,"column":16},"end":{"line":44,"column":44}},{"start":{"line":44,"column":48},"end":{"line":44,"column":66}}]},"6":{"line":50,"type":"binary-expr","locations":[{"start":{"line":50,"column":21},"end":{"line":50,"column":49}},{"start":{"line":50,"column":53},"end":{"line":50,"column":72}}]},"7":{"line":64,"type":"switch","locations":[{"start":{"line":69,"column":4},"end":{"line":70,"column":14}},{"start":{"line":75,"column":4},"end":{"line":76,"column":14}}]},"8":{"line":85,"type":"switch","locations":[{"start":{"line":90,"column":4},"end":{"line":105,"column":14}},{"start":{"line":111,"column":4},"end":{"line":193,"column":14},"skip":true}]},"9":{"line":91,"type":"binary-expr","locations":[{"start":{"line":91,"column":42},"end":{"line":91,"column":73}},{"start":{"line":91,"column":77},"end":{"line":99,"column":9}}]},"10":{"line":102,"type":"binary-expr","locations":[{"start":{"line":102,"column":18},"end":{"line":102,"column":32}},{"start":{"line":103,"column":12},"end":{"line":103,"column":53}},{"start":{"line":104,"column":12},"end":{"line":104,"column":61}}]},"11":{"line":112,"type":"binary-expr","locations":[{"start":{"line":112,"column":45},"end":{"line":112,"column":79},"skip":true},{"start":{"line":112,"column":83},"end":{"line":121,"column":9},"skip":true}]},"12":{"line":123,"type":"binary-expr","locations":[{"start":{"line":123,"column":42},"end":{"line":123,"column":73},"skip":true},{"start":{"line":123,"column":77},"end":{"line":136,"column":9},"skip":true}]},"13":{"line":138,"type":"binary-expr","locations":[{"start":{"line":138,"column":48},"end":{"line":138,"column":85},"skip":true},{"start":{"line":139,"column":12},"end":{"line":145,"column":13},"skip":true}]},"14":{"line":147,"type":"binary-expr","locations":[{"start":{"line":147,"column":42},"end":{"line":147,"column":73},"skip":true},{"start":{"line":147,"column":77},"end":{"line":156,"column":9},"skip":true}]},"15":{"line":158,"type":"binary-expr","locations":[{"start":{"line":158,"column":45},"end":{"line":158,"column":79},"skip":true},{"start":{"line":158,"column":83},"end":{"line":167,"column":9},"skip":true}]},"16":{"line":169,"type":"binary-expr","locations":[{"start":{"line":169,"column":43},"end":{"line":169,"column":75},"skip":true},{"start":{"line":169,"column":79},"end":{"line":178,"column":9},"skip":true}]},"17":{"line":180,"type":"binary-expr","locations":[{"start":{"line":180,"column":41},"end":{"line":180,"column":71},"skip":true},{"start":{"line":180,"column":75},"end":{"line":189,"column":9},"skip":true}]}},"code":["/* istanbul instrument in package npmtest_consolidate */","/*jslint","    bitwise: true,","    browser: true,","    maxerr: 8,","    maxlen: 96,","    node: true,","    nomen: true,","    regexp: true,","    stupid: true","*/","(function () {","    'use strict';","    var local;","","","","    // run shared js-env code - pre-init","    (function () {","        // init local","        local = {};","        // init modeJs","        local.modeJs = (function () {","            try {","                return typeof navigator.userAgent === 'string' &&","                    typeof document.querySelector('body') === 'object' &&","                    typeof XMLHttpRequest.prototype.open === 'function' &&","                    'browser';","            } catch (errorCaughtBrowser) {","                return module.exports &&","                    typeof process.versions.node === 'string' &&","                    typeof require('http').createServer === 'function' &&","                    'node';","            }","        }());","        // init global","        local.global = local.modeJs === 'browser'","            ? window","            : global;","        switch (local.modeJs) {","        // re-init local from window.local","        case 'browser':","            local = local.global.utility2.objectSetDefault(","                local.global.utility2_rollup || local.global.local,","                local.global.utility2","            );","            break;","        // re-init local from example.js","        case 'node':","            local = (local.global.utility2_rollup || require('utility2'))","                .requireExampleJsFromReadme();","            break;","        }","        // export local","        local.global.local = local;","    }());","","","","    // run shared js-env code - function","    (function () {","        return;","    }());","    switch (local.modeJs) {","","","","    // run browser js-env code - function","    case 'browser':","        break;","","","","    // run node js-env code - function","    case 'node':","        break;","    }","","","","    // run shared js-env code - post-init","    (function () {","        return;","    }());","    switch (local.modeJs) {","","","","    // run browser js-env code - post-init","    case 'browser':","        local.testCase_browser_nullCase = local.testCase_browser_nullCase || function (","            options,","            onError","        ) {","        /*","         * this function will test browsers's null-case handling-behavior-behavior","         */","            onError(null, options);","        };","","        // run tests","        local.nop(local.modeTest &&","            document.querySelector('#testRunButton1') &&","            document.querySelector('#testRunButton1').click());","        break;","","","","    // run node js-env code - post-init","    /* istanbul ignore next */","    case 'node':","        local.testCase_buildApidoc_default = local.testCase_buildApidoc_default || function (","            options,","            onError","        ) {","        /*","         * this function will test buildApidoc's default handling-behavior-behavior","         */","            options = { modulePathList: module.paths };","            local.buildApidoc(options, onError);","        };","","        local.testCase_buildApp_default = local.testCase_buildApp_default || function (","            options,","            onError","        ) {","        /*","         * this function will test buildApp's default handling-behavior-behavior","         */","            local.testCase_buildReadme_default(options, local.onErrorThrow);","            local.testCase_buildLib_default(options, local.onErrorThrow);","            local.testCase_buildTest_default(options, local.onErrorThrow);","            local.testCase_buildCustomOrg_default(options, local.onErrorThrow);","            options = [];","            local.buildApp(options, onError);","        };","","        local.testCase_buildCustomOrg_default = local.testCase_buildCustomOrg_default ||","            function (options, onError) {","            /*","             * this function will test buildCustomOrg's default handling-behavior","             */","                options = {};","                local.buildCustomOrg(options, onError);","            };","","        local.testCase_buildLib_default = local.testCase_buildLib_default || function (","            options,","            onError","        ) {","        /*","         * this function will test buildLib's default handling-behavior","         */","            options = {};","            local.buildLib(options, onError);","        };","","        local.testCase_buildReadme_default = local.testCase_buildReadme_default || function (","            options,","            onError","        ) {","        /*","         * this function will test buildReadme's default handling-behavior-behavior","         */","            options = {};","            local.buildReadme(options, onError);","        };","","        local.testCase_buildTest_default = local.testCase_buildTest_default || function (","            options,","            onError","        ) {","        /*","         * this function will test buildTest's default handling-behavior","         */","            options = {};","            local.buildTest(options, onError);","        };","","        local.testCase_webpage_default = local.testCase_webpage_default || function (","            options,","            onError","        ) {","        /*","         * this function will test webpage's default handling-behavior","         */","            options = { modeCoverageMerge: true, url: local.serverLocalHost + '?modeTest=1' };","            local.browserTest(options, onError);","        };","","        // run test-server","        local.testRunServer(local);","        break;","    }","}());",""],"l":{"12":2,"14":2,"19":2,"21":2,"23":2,"24":2,"25":2,"30":1,"37":2,"40":2,"43":1,"47":1,"50":1,"52":1,"55":2,"61":2,"62":2,"64":2,"70":1,"76":1,"82":2,"83":2,"85":2,"91":1,"98":1,"102":1,"105":1,"112":1,"119":1,"120":1,"123":1,"130":1,"131":1,"132":1,"133":1,"134":1,"135":1,"138":1,"143":2,"144":2,"147":1,"154":2,"155":2,"158":1,"165":2,"166":2,"169":1,"176":2,"177":2,"180":1,"187":1,"188":1,"192":1,"193":1}},"/home/travis/build/npmtest/node-npmtest-consolidate/lib.npmtest_consolidate.js":{"path":"/home/travis/build/npmtest/node-npmtest-consolidate/lib.npmtest_consolidate.js","s":{"1":2,"2":2,"3":2,"4":2,"5":2,"6":2,"7":2,"8":1,"9":2,"10":2,"11":2,"12":2,"13":1,"14":1,"15":1,"16":1},"b":{"1":[2,1,1,1],"2":[1,1,1,1],"3":[1,1],"4":[2,2],"5":[1,1]},"f":{"1":2,"2":2,"3":2},"fnMap":{"1":{"name":"(anonymous_1)","line":12,"loc":{"start":{"line":12,"column":1},"end":{"line":12,"column":13}}},"2":{"name":"(anonymous_2)","line":19,"loc":{"start":{"line":19,"column":5},"end":{"line":19,"column":17}}},"3":{"name":"(anonymous_3)","line":23,"loc":{"start":{"line":23,"column":24},"end":{"line":23,"column":36}}}},"statementMap":{"1":{"start":{"line":12,"column":0},"end":{"line":53,"column":5}},"2":{"start":{"line":14,"column":4},"end":{"line":14,"column":14}},"3":{"start":{"line":19,"column":4},"end":{"line":52,"column":9}},"4":{"start":{"line":21,"column":8},"end":{"line":21,"column":19}},"5":{"start":{"line":23,"column":8},"end":{"line":35,"column":13}},"6":{"start":{"line":24,"column":12},"end":{"line":34,"column":13}},"7":{"start":{"line":25,"column":16},"end":{"line":28,"column":30}},"8":{"start":{"line":30,"column":16},"end":{"line":33,"column":27}},"9":{"start":{"line":37,"column":8},"end":{"line":39,"column":21}},"10":{"start":{"line":41,"column":8},"end":{"line":41,"column":54}},"11":{"start":{"line":43,"column":8},"end":{"line":43,"column":56}},"12":{"start":{"line":45,"column":8},"end":{"line":51,"column":9}},"13":{"start":{"line":46,"column":12},"end":{"line":46,"column":62}},"14":{"start":{"line":48,"column":12},"end":{"line":48,"column":35}},"15":{"start":{"line":49,"column":12},"end":{"line":49,"column":49}},"16":{"start":{"line":50,"column":12},"end":{"line":50,"column":43}}},"branchMap":{"1":{"line":25,"type":"binary-expr","locations":[{"start":{"line":25,"column":23},"end":{"line":25,"column":62}},{"start":{"line":26,"column":20},"end":{"line":26,"column":70}},{"start":{"line":27,"column":20},"end":{"line":27,"column":71}},{"start":{"line":28,"column":20},"end":{"line":28,"column":29}}]},"2":{"line":30,"type":"binary-expr","locations":[{"start":{"line":30,"column":23},"end":{"line":30,"column":37}},{"start":{"line":31,"column":20},"end":{"line":31,"column":61}},{"start":{"line":32,"column":20},"end":{"line":32,"column":70}},{"start":{"line":33,"column":20},"end":{"line":33,"column":26}}]},"3":{"line":37,"type":"cond-expr","locations":[{"start":{"line":38,"column":14},"end":{"line":38,"column":20}},{"start":{"line":39,"column":14},"end":{"line":39,"column":20}}]},"4":{"line":41,"type":"binary-expr","locations":[{"start":{"line":41,"column":16},"end":{"line":41,"column":44}},{"start":{"line":41,"column":48},"end":{"line":41,"column":53}}]},"5":{"line":45,"type":"if","locations":[{"start":{"line":45,"column":8},"end":{"line":45,"column":8}},{"start":{"line":45,"column":8},"end":{"line":45,"column":8}}]}},"code":["/* istanbul instrument in package npmtest_consolidate */","/*jslint","    bitwise: true,","    browser: true,","    maxerr: 8,","    maxlen: 96,","    node: true,","    nomen: true,","    regexp: true,","    stupid: true","*/","(function () {","    'use strict';","    var local;","","","","    // run shared js-env code - pre-init","    (function () {","        // init local","        local = {};","        // init modeJs","        local.modeJs = (function () {","            try {","                return typeof navigator.userAgent === 'string' &&","                    typeof document.querySelector('body') === 'object' &&","                    typeof XMLHttpRequest.prototype.open === 'function' &&","                    'browser';","            } catch (errorCaughtBrowser) {","                return module.exports &&","                    typeof process.versions.node === 'string' &&","                    typeof require('http').createServer === 'function' &&","                    'node';","            }","        }());","        // init global","        local.global = local.modeJs === 'browser'","            ? window","            : global;","        // init utility2_rollup","        local = local.global.utility2_rollup || local;","        // init lib","        local.local = local.npmtest_consolidate = local;","        // init exports","        if (local.modeJs === 'browser') {","            local.global.utility2_npmtest_consolidate = local;","        } else {","            module.exports = local;","            module.exports.__dirname = __dirname;","            module.exports.module = module;","        }","    }());","}());",""],"l":{"12":2,"14":2,"19":2,"21":2,"23":2,"24":2,"25":2,"30":1,"37":2,"41":2,"43":2,"45":2,"46":1,"48":1,"49":1,"50":1}},"/home/travis/build/npmtest/node-npmtest-consolidate/example.js":{"path":"/home/travis/build/npmtest/node-npmtest-consolidate/example.js","s":{"1":2,"2":2,"3":2,"4":2,"5":2,"6":2,"7":2,"8":1,"9":2,"10":2,"11":2,"12":2,"13":1,"14":2,"15":2,"16":2,"17":2,"18":2,"19":0,"20":2,"21":1,"22":1,"23":1,"24":1,"25":1,"26":0,"27":0,"28":1,"29":1,"30":2,"31":0,"32":0,"33":0,"34":1,"35":2,"36":2,"37":3,"38":3,"39":3,"40":3,"41":0,"42":3,"43":3,"44":3,"45":1,"46":3,"47":1,"48":1,"49":1,"50":1,"51":1,"52":1,"53":1,"54":1,"55":1,"56":1,"57":0,"58":1,"59":6,"60":6,"61":1,"62":2,"63":0,"64":2,"65":1,"66":1,"67":0,"68":0,"69":0,"70":0,"71":0,"72":0,"73":0,"74":0,"75":0,"76":0,"77":0,"78":0,"79":0,"80":0,"81":0,"82":0,"83":0},"b":{"1":[2,1,1,1],"2":[1,1,1,1],"3":[1,1],"4":[2,2],"5":[1,1],"6":[1,1],"7":[2,0],"8":[2,1,1,1,1,1],"9":[0,2,0],"10":[1,1],"11":[2,1,1],"12":[1,0],"13":[0,2],"14":[2,0,0,0,0,0,0],"15":[0,3],"16":[3,0],"17":[1,1],"18":[0,1],"19":[1,2,0,2],"20":[1,0],"21":[1,1],"22":[0,0],"23":[0,0],"24":[0,0],"25":[0,0],"26":[0,0],"27":[0,0],"28":[0,0]},"f":{"1":2,"2":2,"3":2,"4":2,"5":2,"6":2,"7":3,"8":3,"9":3,"10":1,"11":6,"12":0},"fnMap":{"1":{"name":"(anonymous_1)","line":26,"loc":{"start":{"line":26,"column":1},"end":{"line":26,"column":13}}},"2":{"name":"(anonymous_2)","line":33,"loc":{"start":{"line":33,"column":5},"end":{"line":33,"column":17}}},"3":{"name":"(anonymous_3)","line":37,"loc":{"start":{"line":37,"column":24},"end":{"line":37,"column":36}}},"4":{"name":"(anonymous_4)","line":69,"loc":{"start":{"line":69,"column":31},"end":{"line":69,"column":48}},"skip":true},"5":{"name":"(anonymous_5)","line":78,"loc":{"start":{"line":78,"column":26},"end":{"line":78,"column":45}},"skip":true},"6":{"name":"(anonymous_6)","line":123,"loc":{"start":{"line":123,"column":33},"end":{"line":123,"column":48}},"skip":true},"7":{"name":"(anonymous_7)","line":125,"loc":{"start":{"line":125,"column":27},"end":{"line":125,"column":39}},"skip":true},"8":{"name":"(anonymous_8)","line":133,"loc":{"start":{"line":133,"column":59},"end":{"line":133,"column":74}},"skip":true},"9":{"name":"(anonymous_9)","line":143,"loc":{"start":{"line":143,"column":45},"end":{"line":143,"column":62}},"skip":true},"10":{"name":"(anonymous_10)","line":144,"loc":{"start":{"line":144,"column":73},"end":{"line":144,"column":92}},"skip":true},"11":{"name":"(anonymous_11)","line":272,"loc":{"start":{"line":272,"column":51},"end":{"line":272,"column":77}},"skip":true},"12":{"name":"(anonymous_12)","line":315,"loc":{"start":{"line":315,"column":32},"end":{"line":315,"column":61}},"skip":true}},"statementMap":{"1":{"start":{"line":26,"column":0},"end":{"line":326,"column":5}},"2":{"start":{"line":28,"column":4},"end":{"line":28,"column":14}},"3":{"start":{"line":33,"column":4},"end":{"line":60,"column":9}},"4":{"start":{"line":35,"column":8},"end":{"line":35,"column":19}},"5":{"start":{"line":37,"column":8},"end":{"line":49,"column":13}},"6":{"start":{"line":38,"column":12},"end":{"line":48,"column":13}},"7":{"start":{"line":39,"column":16},"end":{"line":42,"column":30}},"8":{"start":{"line":44,"column":16},"end":{"line":47,"column":27}},"9":{"start":{"line":51,"column":8},"end":{"line":53,"column":21}},"10":{"start":{"line":55,"column":8},"end":{"line":57,"column":45}},"11":{"start":{"line":59,"column":8},"end":{"line":59,"column":35}},"12":{"start":{"line":61,"column":4},"end":{"line":325,"column":5}},"13":{"start":{"line":69,"column":8},"end":{"line":121,"column":10},"skip":true},"14":{"start":{"line":70,"column":12},"end":{"line":88,"column":13},"skip":true},"15":{"start":{"line":76,"column":16},"end":{"line":87,"column":19},"skip":true},"16":{"start":{"line":79,"column":20},"end":{"line":86,"column":21},"skip":true},"17":{"start":{"line":82,"column":24},"end":{"line":82,"column":43},"skip":true},"18":{"start":{"line":83,"column":24},"end":{"line":83,"column":30},"skip":true},"19":{"start":{"line":85,"column":24},"end":{"line":85,"column":49},"skip":true},"20":{"start":{"line":89,"column":12},"end":{"line":107,"column":13},"skip":true},"21":{"start":{"line":92,"column":16},"end":{"line":102,"column":17},"skip":true},"22":{"start":{"line":93,"column":20},"end":{"line":93,"column":86},"skip":true},"23":{"start":{"line":94,"column":20},"end":{"line":95,"column":45},"skip":true},"24":{"start":{"line":96,"column":20},"end":{"line":96,"column":42},"skip":true},"25":{"start":{"line":97,"column":20},"end":{"line":97,"column":48},"skip":true},"26":{"start":{"line":100,"column":20},"end":{"line":100,"column":85},"skip":true},"27":{"start":{"line":101,"column":20},"end":{"line":101,"column":96},"skip":true},"28":{"start":{"line":103,"column":16},"end":{"line":103,"column":22},"skip":true},"29":{"start":{"line":106,"column":16},"end":{"line":106,"column":22},"skip":true},"30":{"start":{"line":108,"column":12},"end":{"line":120,"column":13},"skip":true},"31":{"start":{"line":114,"column":16},"end":{"line":119,"column":17},"skip":true},"32":{"start":{"line":116,"column":20},"end":{"line":116,"column":78},"skip":true},"33":{"start":{"line":118,"column":20},"end":{"line":118,"column":47},"skip":true},"34":{"start":{"line":123,"column":8},"end":{"line":141,"column":11},"skip":true},"35":{"start":{"line":124,"column":12},"end":{"line":124,"column":54},"skip":true},"36":{"start":{"line":125,"column":12},"end":{"line":140,"column":14},"skip":true},"37":{"start":{"line":126,"column":16},"end":{"line":126,"column":28},"skip":true},"38":{"start":{"line":127,"column":16},"end":{"line":127,"column":69},"skip":true},"39":{"start":{"line":128,"column":16},"end":{"line":128,"column":75},"skip":true},"40":{"start":{"line":129,"column":16},"end":{"line":131,"column":17},"skip":true},"41":{"start":{"line":130,"column":20},"end":{"line":130,"column":27},"skip":true},"42":{"start":{"line":133,"column":16},"end":{"line":137,"column":36},"skip":true},"43":{"start":{"line":134,"column":20},"end":{"line":136,"column":55},"skip":true},"44":{"start":{"line":139,"column":16},"end":{"line":139,"column":57},"skip":true},"45":{"start":{"line":143,"column":8},"end":{"line":147,"column":11},"skip":true},"46":{"start":{"line":144,"column":12},"end":{"line":146,"column":15},"skip":true},"47":{"start":{"line":145,"column":16},"end":{"line":145,"column":70},"skip":true},"48":{"start":{"line":149,"column":8},"end":{"line":149,"column":31},"skip":true},"49":{"start":{"line":150,"column":8},"end":{"line":150,"column":14},"skip":true},"50":{"start":{"line":158,"column":8},"end":{"line":158,"column":31},"skip":true},"51":{"start":{"line":160,"column":8},"end":{"line":160,"column":33},"skip":true},"52":{"start":{"line":161,"column":8},"end":{"line":161,"column":37},"skip":true},"53":{"start":{"line":162,"column":8},"end":{"line":162,"column":35},"skip":true},"54":{"start":{"line":164,"column":8},"end":{"line":164,"column":50},"skip":true},"55":{"start":{"line":166,"column":8},"end":{"line":256,"column":2},"skip":true},"56":{"start":{"line":258,"column":8},"end":{"line":286,"column":9},"skip":true},"57":{"start":{"line":259,"column":12},"end":{"line":269,"column":14},"skip":true},"58":{"start":{"line":271,"column":12},"end":{"line":285,"column":19},"skip":true},"59":{"start":{"line":274,"column":20},"end":{"line":274,"column":35},"skip":true},"60":{"start":{"line":275,"column":20},"end":{"line":284,"column":21},"skip":true},"61":{"start":{"line":277,"column":24},"end":{"line":277,"column":64},"skip":true},"62":{"start":{"line":279,"column":24},"end":{"line":279,"column":40},"skip":true},"63":{"start":{"line":281,"column":24},"end":{"line":281,"column":40},"skip":true},"64":{"start":{"line":283,"column":24},"end":{"line":283,"column":39},"skip":true},"65":{"start":{"line":288,"column":8},"end":{"line":290,"column":9},"skip":true},"66":{"start":{"line":289,"column":12},"end":{"line":289,"column":18},"skip":true},"67":{"start":{"line":291,"column":8},"end":{"line":293,"column":54},"skip":true},"68":{"start":{"line":296,"column":8},"end":{"line":301,"column":37},"skip":true},"69":{"start":{"line":303,"column":8},"end":{"line":303,"column":82},"skip":true},"70":{"start":{"line":306,"column":8},"end":{"line":308,"column":9},"skip":true},"71":{"start":{"line":307,"column":12},"end":{"line":307,"column":82},"skip":true},"72":{"start":{"line":310,"column":8},"end":{"line":312,"column":9},"skip":true},"73":{"start":{"line":311,"column":12},"end":{"line":311,"column":18},"skip":true},"74":{"start":{"line":313,"column":8},"end":{"line":313,"column":54},"skip":true},"75":{"start":{"line":314,"column":8},"end":{"line":314,"column":69},"skip":true},"76":{"start":{"line":315,"column":8},"end":{"line":323,"column":36},"skip":true},"77":{"start":{"line":316,"column":12},"end":{"line":316,"column":61},"skip":true},"78":{"start":{"line":317,"column":12},"end":{"line":320,"column":13},"skip":true},"79":{"start":{"line":318,"column":16},"end":{"line":318,"column":75},"skip":true},"80":{"start":{"line":319,"column":16},"end":{"line":319,"column":23},"skip":true},"81":{"start":{"line":321,"column":12},"end":{"line":321,"column":38},"skip":true},"82":{"start":{"line":322,"column":12},"end":{"line":322,"column":27},"skip":true},"83":{"start":{"line":324,"column":8},"end":{"line":324,"column":14},"skip":true}},"branchMap":{"1":{"line":39,"type":"binary-expr","locations":[{"start":{"line":39,"column":23},"end":{"line":39,"column":62}},{"start":{"line":40,"column":20},"end":{"line":40,"column":70}},{"start":{"line":41,"column":20},"end":{"line":41,"column":71}},{"start":{"line":42,"column":20},"end":{"line":42,"column":29}}]},"2":{"line":44,"type":"binary-expr","locations":[{"start":{"line":44,"column":23},"end":{"line":44,"column":37}},{"start":{"line":45,"column":20},"end":{"line":45,"column":61}},{"start":{"line":46,"column":20},"end":{"line":46,"column":70}},{"start":{"line":47,"column":20},"end":{"line":47,"column":26}}]},"3":{"line":51,"type":"cond-expr","locations":[{"start":{"line":52,"column":14},"end":{"line":52,"column":20}},{"start":{"line":53,"column":14},"end":{"line":53,"column":20}}]},"4":{"line":55,"type":"binary-expr","locations":[{"start":{"line":55,"column":16},"end":{"line":55,"column":44}},{"start":{"line":55,"column":49},"end":{"line":57,"column":43}}]},"5":{"line":55,"type":"cond-expr","locations":[{"start":{"line":56,"column":14},"end":{"line":56,"column":55}},{"start":{"line":57,"column":14},"end":{"line":57,"column":43}}]},"6":{"line":61,"type":"switch","locations":[{"start":{"line":68,"column":4},"end":{"line":150,"column":14},"skip":true},{"start":{"line":156,"column":4},"end":{"line":324,"column":14},"skip":true}]},"7":{"line":70,"type":"if","locations":[{"start":{"line":70,"column":12},"end":{"line":70,"column":12},"skip":true},{"start":{"line":70,"column":12},"end":{"line":70,"column":12},"skip":true}]},"8":{"line":70,"type":"binary-expr","locations":[{"start":{"line":70,"column":16},"end":{"line":70,"column":22},"skip":true},{"start":{"line":70,"column":27},"end":{"line":70,"column":32},"skip":true},{"start":{"line":71,"column":20},"end":{"line":71,"column":39},"skip":true},{"start":{"line":72,"column":20},"end":{"line":72,"column":49},"skip":true},{"start":{"line":73,"column":20},"end":{"line":73,"column":58},"skip":true},{"start":{"line":74,"column":20},"end":{"line":74,"column":69},"skip":true}]},"9":{"line":79,"type":"switch","locations":[{"start":{"line":80,"column":20},"end":{"line":80,"column":33},"skip":true},{"start":{"line":81,"column":20},"end":{"line":83,"column":30},"skip":true},{"start":{"line":84,"column":20},"end":{"line":85,"column":49},"skip":true}]},"10":{"line":89,"type":"switch","locations":[{"start":{"line":90,"column":12},"end":{"line":103,"column":22},"skip":true},{"start":{"line":105,"column":12},"end":{"line":106,"column":22},"skip":true}]},"11":{"line":89,"type":"binary-expr","locations":[{"start":{"line":89,"column":20},"end":{"line":89,"column":25},"skip":true},{"start":{"line":89,"column":29},"end":{"line":89,"column":48},"skip":true},{"start":{"line":89,"column":52},"end":{"line":89,"column":74},"skip":true}]},"12":{"line":92,"type":"if","locations":[{"start":{"line":92,"column":16},"end":{"line":92,"column":16},"skip":true},{"start":{"line":92,"column":16},"end":{"line":92,"column":16},"skip":true}]},"13":{"line":108,"type":"if","locations":[{"start":{"line":108,"column":12},"end":{"line":108,"column":12},"skip":true},{"start":{"line":108,"column":12},"end":{"line":108,"column":12},"skip":true}]},"14":{"line":108,"type":"binary-expr","locations":[{"start":{"line":108,"column":16},"end":{"line":108,"column":61},"skip":true},{"start":{"line":108,"column":66},"end":{"line":108,"column":72},"skip":true},{"start":{"line":108,"column":77},"end":{"line":108,"column":82},"skip":true},{"start":{"line":109,"column":20},"end":{"line":109,"column":39},"skip":true},{"start":{"line":110,"column":20},"end":{"line":110,"column":49},"skip":true},{"start":{"line":111,"column":20},"end":{"line":111,"column":58},"skip":true},{"start":{"line":112,"column":20},"end":{"line":112,"column":68},"skip":true}]},"15":{"line":129,"type":"if","locations":[{"start":{"line":129,"column":16},"end":{"line":129,"column":16},"skip":true},{"start":{"line":129,"column":16},"end":{"line":129,"column":16},"skip":true}]},"16":{"line":134,"type":"cond-expr","locations":[{"start":{"line":135,"column":26},"end":{"line":135,"column":29},"skip":true},{"start":{"line":136,"column":26},"end":{"line":136,"column":54},"skip":true}]},"17":{"line":164,"type":"binary-expr","locations":[{"start":{"line":164,"column":27},"end":{"line":164,"column":43},"skip":true},{"start":{"line":164,"column":47},"end":{"line":164,"column":49},"skip":true}]},"18":{"line":258,"type":"if","locations":[{"start":{"line":258,"column":8},"end":{"line":258,"column":8},"skip":true},{"start":{"line":258,"column":8},"end":{"line":258,"column":8},"skip":true}]},"19":{"line":275,"type":"switch","locations":[{"start":{"line":276,"column":20},"end":{"line":277,"column":64},"skip":true},{"start":{"line":278,"column":20},"end":{"line":279,"column":40},"skip":true},{"start":{"line":280,"column":20},"end":{"line":281,"column":40},"skip":true},{"start":{"line":282,"column":20},"end":{"line":283,"column":39},"skip":true}]},"20":{"line":288,"type":"if","locations":[{"start":{"line":288,"column":8},"end":{"line":288,"column":8},"skip":true},{"start":{"line":288,"column":8},"end":{"line":288,"column":8},"skip":true}]},"21":{"line":288,"type":"binary-expr","locations":[{"start":{"line":288,"column":12},"end":{"line":288,"column":40},"skip":true},{"start":{"line":288,"column":44},"end":{"line":288,"column":67},"skip":true}]},"22":{"line":292,"type":"binary-expr","locations":[{"start":{"line":292,"column":12},"end":{"line":292,"column":50},"skip":true},{"start":{"line":293,"column":12},"end":{"line":293,"column":53},"skip":true}]},"23":{"line":297,"type":"binary-expr","locations":[{"start":{"line":297,"column":12},"end":{"line":297,"column":69},"skip":true},{"start":{"line":298,"column":12},"end":{"line":301,"column":36},"skip":true}]},"24":{"line":303,"type":"binary-expr","locations":[{"start":{"line":303,"column":43},"end":{"line":303,"column":75},"skip":true},{"start":{"line":303,"column":79},"end":{"line":303,"column":81},"skip":true}]},"25":{"line":306,"type":"if","locations":[{"start":{"line":306,"column":8},"end":{"line":306,"column":8},"skip":true},{"start":{"line":306,"column":8},"end":{"line":306,"column":8},"skip":true}]},"26":{"line":310,"type":"if","locations":[{"start":{"line":310,"column":8},"end":{"line":310,"column":8},"skip":true},{"start":{"line":310,"column":8},"end":{"line":310,"column":8},"skip":true}]},"27":{"line":313,"type":"binary-expr","locations":[{"start":{"line":313,"column":27},"end":{"line":313,"column":43},"skip":true},{"start":{"line":313,"column":47},"end":{"line":313,"column":53},"skip":true}]},"28":{"line":317,"type":"if","locations":[{"start":{"line":317,"column":12},"end":{"line":317,"column":12},"skip":true},{"start":{"line":317,"column":12},"end":{"line":317,"column":12},"skip":true}]}},"code":["/*","example.js","","quickstart example","","instruction","    1. save this script as example.js","    2. run the shell command:","        $ npm install npmtest-consolidate && PORT=8081 node example.js","    3. play with the browser-demo on http://127.0.0.1:8081","*/","","","","/* istanbul instrument in package npmtest_consolidate */","/*jslint","    bitwise: true,","    browser: true,","    maxerr: 8,","    maxlen: 96,","    node: true,","    nomen: true,","    regexp: true,","    stupid: true","*/","(function () {","    'use strict';","    var local;","","","","    // run shared js-env code - pre-init","    (function () {","        // init local","        local = {};","        // init modeJs","        local.modeJs = (function () {","            try {","                return typeof navigator.userAgent === 'string' &&","                    typeof document.querySelector('body') === 'object' &&","                    typeof XMLHttpRequest.prototype.open === 'function' &&","                    'browser';","            } catch (errorCaughtBrowser) {","                return module.exports &&","                    typeof process.versions.node === 'string' &&","                    typeof require('http').createServer === 'function' &&","                    'node';","            }","        }());","        // init global","        local.global = local.modeJs === 'browser'","            ? window","            : global;","        // init utility2_rollup","        local = local.global.utility2_rollup || (local.modeJs === 'browser'","            ? local.global.utility2_npmtest_consolidate","            : global.utility2_moduleExports);","        // export local","        local.global.local = local;","    }());","    switch (local.modeJs) {","","","","    // post-init","    // run browser js-env code - post-init","    /* istanbul ignore next */","    case 'browser':","        local.testRunBrowser = function (event) {","            if (!event || (event &&","                    event.currentTarget &&","                    event.currentTarget.className &&","                    event.currentTarget.className.includes &&","                    event.currentTarget.className.includes('onreset'))) {","                // reset output","                Array.from(","                    document.querySelectorAll('body > .resettable')","                ).forEach(function (element) {","                    switch (element.tagName) {","                    case 'INPUT':","                    case 'TEXTAREA':","                        element.value = '';","                        break;","                    default:","                        element.textContent = '';","                    }","                });","            }","            switch (event && event.currentTarget && event.currentTarget.id) {","            case 'testRunButton1':","                // show tests","                if (document.querySelector('#testReportDiv1').style.display === 'none') {","                    document.querySelector('#testReportDiv1').style.display = 'block';","                    document.querySelector('#testRunButton1').textContent =","                        'hide internal test';","                    local.modeTest = true;","                    local.testRunDefault(local);","                // hide tests","                } else {","                    document.querySelector('#testReportDiv1').style.display = 'none';","                    document.querySelector('#testRunButton1').textContent = 'run internal test';","                }","                break;","            // custom-case","            default:","                break;","            }","            if (document.querySelector('#inputTextareaEval1') && (!event || (event &&","                    event.currentTarget &&","                    event.currentTarget.className &&","                    event.currentTarget.className.includes &&","                    event.currentTarget.className.includes('oneval')))) {","                // try to eval input-code","                try {","                    /*jslint evil: true*/","                    eval(document.querySelector('#inputTextareaEval1').value);","                } catch (errorCaught) {","                    console.error(errorCaught);","                }","            }","        };","        // log stderr and stdout to #outputTextareaStdout1","        ['error', 'log'].forEach(function (key) {","            console[key + '_original'] = console[key];","            console[key] = function () {","                var element;","                console[key + '_original'].apply(console, arguments);","                element = document.querySelector('#outputTextareaStdout1');","                if (!element) {","                    return;","                }","                // append text to #outputTextareaStdout1","                element.value += Array.from(arguments).map(function (arg) {","                    return typeof arg === 'string'","                        ? arg","                        : JSON.stringify(arg, null, 4);","                }).join(' ') + '\\n';","                // scroll textarea to bottom","                element.scrollTop = element.scrollHeight;","            };","        });","        // init event-handling","        ['change', 'click', 'keyup'].forEach(function (event) {","            Array.from(document.querySelectorAll('.on' + event)).forEach(function (element) {","                element.addEventListener(event, local.testRunBrowser);","            });","        });","        // run tests","        local.testRunBrowser();","        break;","","","","    // run node js-env code - post-init","    /* istanbul ignore next */","    case 'node':","        // export local","        module.exports = local;","        // require modules","        local.fs = require('fs');","        local.http = require('http');","        local.url = require('url');","        // init assets","        local.assetsDict = local.assetsDict || {};","        /* jslint-ignore-begin */","        local.assetsDict['/assets.index.template.html'] = '\\","<!doctype html>\\n\\","<html lang=\"en\">\\n\\","<head>\\n\\","<meta charset=\"UTF-8\">\\n\\","<meta name=\"viewport\" content=\"width=device-width, initial-scale=1\">\\n\\","<title>{{env.npm_package_name}} (v{{env.npm_package_version}})</title>\\n\\","<style>\\n\\","/*csslint\\n\\","    box-sizing: false,\\n\\","    universal-selector: false\\n\\","*/\\n\\","* {\\n\\","    box-sizing: border-box;\\n\\","}\\n\\","body {\\n\\","    background: #dde;\\n\\","    font-family: Arial, Helvetica, sans-serif;\\n\\","    margin: 2rem;\\n\\","}\\n\\","body > * {\\n\\","    margin-bottom: 1rem;\\n\\","}\\n\\",".utility2FooterDiv {\\n\\","    margin-top: 20px;\\n\\","    text-align: center;\\n\\","}\\n\\","</style>\\n\\","<style>\\n\\","/*csslint\\n\\","*/\\n\\","textarea {\\n\\","    font-family: monospace;\\n\\","    height: 10rem;\\n\\","    width: 100%;\\n\\","}\\n\\","textarea[readonly] {\\n\\","    background: #ddd;\\n\\","}\\n\\","</style>\\n\\","</head>\\n\\","<body>\\n\\","<!-- utility2-comment\\n\\","<div id=\"ajaxProgressDiv1\" style=\"background: #d00; height: 2px; left: 0; margin: 0; padding: 0; position: fixed; top: 0; transition: background 0.5s, width 1.5s; width: 25%;\"></div>\\n\\","utility2-comment -->\\n\\","<h1>\\n\\","<!-- utility2-comment\\n\\","    <a\\n\\","        {{#if env.npm_package_homepage}}\\n\\","        href=\"{{env.npm_package_homepage}}\"\\n\\","        {{/if env.npm_package_homepage}}\\n\\","        target=\"_blank\"\\n\\","    >\\n\\","utility2-comment -->\\n\\","        {{env.npm_package_name}} (v{{env.npm_package_version}})\\n\\","<!-- utility2-comment\\n\\","    </a>\\n\\","utility2-comment -->\\n\\","</h1>\\n\\","<h3>{{env.npm_package_description}}</h3>\\n\\","<!-- utility2-comment\\n\\","<h4><a download href=\"assets.app.js\">download standalone app</a></h4>\\n\\","<button class=\"onclick onreset\" id=\"testRunButton1\">run internal test</button><br>\\n\\","<div id=\"testReportDiv1\" style=\"display: none;\"></div>\\n\\","utility2-comment -->\\n\\","\\n\\","\\n\\","\\n\\","<label>stderr and stdout</label>\\n\\","<textarea class=\"resettable\" id=\"outputTextareaStdout1\" readonly></textarea>\\n\\","<!-- utility2-comment\\n\\","{{#if isRollup}}\\n\\","<script src=\"assets.app.js\"></script>\\n\\","{{#unless isRollup}}\\n\\","utility2-comment -->\\n\\","<script src=\"assets.utility2.rollup.js\"></script>\\n\\","<script src=\"jsonp.utility2._stateInit?callback=window.utility2._stateInit\"></script>\\n\\","<script src=\"assets.npmtest_consolidate.rollup.js\"></script>\\n\\","<script src=\"assets.example.js\"></script>\\n\\","<script src=\"assets.test.js\"></script>\\n\\","<!-- utility2-comment\\n\\","{{/if isRollup}}\\n\\","utility2-comment -->\\n\\","<div class=\"utility2FooterDiv\">\\n\\","    [ this app was created with\\n\\","    <a href=\"https://github.com/kaizhu256/node-utility2\" target=\"_blank\">utility2</a>\\n\\","    ]\\n\\","</div>\\n\\","</body>\\n\\","</html>\\n\\","';","        /* jslint-ignore-end */","        if (local.templateRender) {","            local.assetsDict['/'] = local.templateRender(","                local.assetsDict['/assets.index.template.html'],","                {","                    env: local.objectSetDefault(local.env, {","                        npm_package_description: 'the greatest app in the world!',","                        npm_package_name: 'my-app',","                        npm_package_nameAlias: 'my_app',","                        npm_package_version: '0.0.1'","                    })","                }","            );","        } else {","            local.assetsDict['/'] = local.assetsDict['/assets.index.template.html']","                .replace((/\\{\\{env\\.(\\w+?)\\}\\}/g), function (match0, match1) {","                    // jslint-hack","                    String(match0);","                    switch (match1) {","                    case 'npm_package_description':","                        return 'the greatest app in the world!';","                    case 'npm_package_name':","                        return 'my-app';","                    case 'npm_package_nameAlias':","                        return 'my_app';","                    case 'npm_package_version':","                        return '0.0.1';","                    }","                });","        }","        // run the cli","        if (local.global.utility2_rollup || module !== require.main) {","            break;","        }","        local.assetsDict['/assets.example.js'] =","            local.assetsDict['/assets.example.js'] ||","            local.fs.readFileSync(__filename, 'utf8');","        // bug-workaround - long $npm_package_buildCustomOrg","        /* jslint-ignore-begin */","        local.assetsDict['/assets.npmtest_consolidate.rollup.js'] =","            local.assetsDict['/assets.npmtest_consolidate.rollup.js'] ||","            local.fs.readFileSync(","                local.npmtest_consolidate.__dirname + '/lib.npmtest_consolidate.js',","                'utf8'","            ).replace((/^#!/), '//');","        /* jslint-ignore-end */","        local.assetsDict['/favicon.ico'] = local.assetsDict['/favicon.ico'] || '';","        // if $npm_config_timeout_exit exists,","        // then exit this process after $npm_config_timeout_exit ms","        if (Number(process.env.npm_config_timeout_exit)) {","            setTimeout(process.exit, Number(process.env.npm_config_timeout_exit));","        }","        // start server","        if (local.global.utility2_serverHttp1) {","            break;","        }","        process.env.PORT = process.env.PORT || '8081';","        console.error('server starting on port ' + process.env.PORT);","        local.http.createServer(function (request, response) {","            request.urlParsed = local.url.parse(request.url);","            if (local.assetsDict[request.urlParsed.pathname] !== undefined) {","                response.end(local.assetsDict[request.urlParsed.pathname]);","                return;","            }","            response.statusCode = 404;","            response.end();","        }).listen(process.env.PORT);","        break;","    }","}());",""],"l":{"26":2,"28":2,"33":2,"35":2,"37":2,"38":2,"39":2,"44":1,"51":2,"55":2,"59":2,"61":2,"69":1,"70":2,"76":2,"79":2,"82":2,"83":2,"85":1,"89":2,"92":1,"93":1,"94":1,"96":1,"97":1,"100":1,"101":1,"103":1,"106":1,"108":2,"114":1,"116":1,"118":1,"123":1,"124":2,"125":2,"126":3,"127":3,"128":3,"129":3,"130":1,"133":3,"134":3,"139":3,"143":1,"144":3,"145":1,"149":1,"150":1,"158":1,"160":1,"161":1,"162":1,"164":1,"166":1,"258":1,"259":1,"271":1,"274":6,"275":6,"277":1,"279":2,"281":1,"283":2,"288":1,"289":1,"291":1,"296":1,"303":1,"306":1,"307":1,"310":1,"311":1,"313":1,"314":1,"315":1,"316":1,"317":1,"318":1,"319":1,"321":1,"322":1,"324":1}},"/home/travis/build/npmtest/node-npmtest-consolidate/node_modules/consolidate/index.js":{"path":"/home/travis/build/npmtest/node-npmtest-consolidate/node_modules/consolidate/index.js","s":{"1":1},"b":{},"f":{},"fnMap":{},"statementMap":{"1":{"start":{"line":1,"column":0},"end":{"line":1,"column":46}}},"branchMap":{},"code":["module.exports = require('./lib/consolidate');"],"l":{"1":1}},"/home/travis/build/npmtest/node-npmtest-consolidate/node_modules/consolidate/lib/consolidate.js":{"path":"/home/travis/build/npmtest/node-npmtest-consolidate/node_modules/consolidate/lib/consolidate.js","s":{"1":1,"2":1,"3":1,"4":1,"5":1,"6":1,"7":1,"8":1,"9":1,"10":1,"11":1,"12":0,"13":1,"14":0,"15":0,"16":0,"17":0,"18":0,"19":0,"20":0,"21":1,"22":0,"23":0,"24":0,"25":0,"26":0,"27":0,"28":0,"29":0,"30":0,"31":0,"32":0,"33":1,"34":0,"35":0,"36":0,"37":0,"38":1,"39":0,"40":0,"41":0,"42":0,"43":0,"44":0,"45":0,"46":0,"47":0,"48":0,"49":1,"50":0,"51":0,"52":0,"53":0,"54":0,"55":0,"56":1,"57":30,"58":0,"59":0,"60":0,"61":0,"62":0,"63":0,"64":0,"65":0,"66":0,"67":0,"68":0,"69":1,"70":1,"71":0,"72":0,"73":0,"74":0,"75":0,"76":0,"77":0,"78":0,"79":0,"80":0,"81":0,"82":0,"83":0,"84":0,"85":0,"86":0,"87":0,"88":0,"89":0,"90":0,"91":0,"92":0,"93":0,"94":0,"95":0,"96":0,"97":0,"98":0,"99":0,"100":0,"101":0,"102":0,"103":0,"104":0,"105":0,"106":0,"107":0,"108":0,"109":1,"110":0,"111":0,"112":0,"113":0,"114":0,"115":0,"116":0,"117":0,"118":0,"119":0,"120":0,"121":0,"122":1,"123":0,"124":0,"125":0,"126":0,"127":0,"128":0,"129":0,"130":0,"131":0,"132":0,"133":0,"134":0,"135":1,"136":1,"137":0,"138":0,"139":0,"140":0,"141":0,"142":0,"143":0,"144":0,"145":0,"146":0,"147":0,"148":0,"149":0,"150":0,"151":0,"152":0,"153":0,"154":0,"155":0,"156":0,"157":0,"158":0,"159":0,"160":0,"161":0,"162":0,"163":0,"164":0,"165":0,"166":1,"167":1,"168":0,"169":0,"170":0,"171":0,"172":0,"173":0,"174":0,"175":0,"176":0,"177":1,"178":1,"179":0,"180":0,"181":0,"182":0,"183":0,"184":0,"185":1,"186":1,"187":0,"188":0,"189":0,"190":0,"191":0,"192":0,"193":1,"194":1,"195":0,"196":0,"197":0,"198":0,"199":0,"200":0,"201":0,"202":1,"203":1,"204":0,"205":0,"206":0,"207":0,"208":0,"209":0,"210":1,"211":1,"212":0,"213":0,"214":0,"215":0,"216":0,"217":1,"218":1,"219":0,"220":0,"221":0,"222":0,"223":0,"224":0,"225":0,"226":1,"227":1,"228":0,"229":0,"230":0,"231":0,"232":0,"233":0,"234":1,"235":1,"236":0,"237":0,"238":0,"239":0,"240":0,"241":0,"242":1,"243":1,"244":0,"245":0,"246":0,"247":0,"248":0,"249":0,"250":1,"251":0,"252":0,"253":0,"254":1,"255":0,"256":0,"257":0,"258":0,"259":0,"260":1,"261":1,"262":0,"263":0,"264":0,"265":0,"266":0,"267":0,"268":1,"269":1,"270":0,"271":0,"272":0,"273":0,"274":0,"275":0,"276":1,"277":1,"278":0,"279":0,"280":0,"281":0,"282":0,"283":0,"284":1,"285":1,"286":0,"287":0,"288":0,"289":0,"290":0,"291":0,"292":0,"293":0,"294":0,"295":0,"296":1,"297":1,"298":0,"299":0,"300":0,"301":0,"302":0,"303":0,"304":1,"305":1,"306":0,"307":0,"308":0,"309":0,"310":0,"311":0,"312":1,"313":0,"314":0,"315":0,"316":0,"317":0,"318":0,"319":0,"320":0,"321":0,"322":0,"323":0,"324":0,"325":1,"326":0,"327":0,"328":0,"329":0,"330":0,"331":0,"332":0,"333":0,"334":0,"335":0,"336":0,"337":0,"338":1,"339":1,"340":0,"341":0,"342":0,"343":0,"344":0,"345":0,"346":0,"347":1,"348":1,"349":0,"350":0,"351":0,"352":0,"353":0,"354":0,"355":1,"356":1,"357":0,"358":0,"359":0,"360":0,"361":0,"362":1,"363":0,"364":0,"365":0,"366":0,"367":0,"368":0,"369":0,"370":1,"371":0,"372":0,"373":0,"374":0,"375":1,"376":0,"377":0,"378":0,"379":0,"380":0,"381":0,"382":0,"383":1,"384":0,"385":0,"386":0,"387":0,"388":1,"389":1,"390":0,"391":0,"392":0,"393":0,"394":0,"395":0,"396":1,"397":0,"398":0,"399":0,"400":1,"401":0,"402":0,"403":0,"404":0,"405":0,"406":1,"407":1,"408":0,"409":0,"410":0,"411":0,"412":0,"413":0,"414":1,"415":1,"416":0,"417":0,"418":0,"419":0,"420":0,"421":0,"422":1,"423":1,"424":0,"425":0,"426":0,"427":0,"428":0,"429":0,"430":0,"431":0,"432":0,"433":0,"434":0,"435":0,"436":0,"437":0,"438":0,"439":1,"440":1,"441":0,"442":0,"443":0,"444":0,"445":0,"446":0,"447":0,"448":0,"449":0,"450":0,"451":0,"452":0,"453":0,"454":0,"455":0,"456":0,"457":0,"458":0,"459":1,"460":1,"461":0,"462":0,"463":0,"464":0,"465":0,"466":0,"467":1,"468":0,"469":0,"470":0,"471":1,"472":1,"473":0,"474":0,"475":0,"476":0,"477":0,"478":0,"479":0,"480":0,"481":0,"482":1,"483":0,"484":0,"485":0,"486":0,"487":0,"488":0,"489":0,"490":0,"491":0,"492":1,"493":2,"494":2,"495":1,"496":2,"497":1,"498":2,"499":0,"500":0,"501":0,"502":0,"503":0,"504":0,"505":0,"506":0,"507":0,"508":0,"509":0,"510":0,"511":0,"512":0,"513":0,"514":0,"515":0,"516":0,"517":0,"518":0,"519":0,"520":0,"521":0,"522":0,"523":0,"524":0,"525":0,"526":0,"527":0,"528":1,"529":1,"530":1,"531":1,"532":0,"533":0,"534":0,"535":0,"536":0,"537":0,"538":0,"539":0,"540":0,"541":0,"542":0,"543":0,"544":0,"545":0,"546":0,"547":1,"548":1,"549":0,"550":0,"551":0,"552":0,"553":0,"554":0,"555":0,"556":0,"557":0,"558":0,"559":0,"560":1,"561":1,"562":0,"563":0,"564":0,"565":0,"566":0,"567":0,"568":1,"569":0,"570":0,"571":0,"572":0,"573":0,"574":0,"575":0,"576":1,"577":0,"578":0,"579":0,"580":0,"581":0,"582":0,"583":0,"584":1},"b":{"1":[0,0],"2":[0,0,0],"3":[0,0],"4":[0,0],"5":[0,0,0],"6":[0,0],"7":[0,0],"8":[0,0],"9":[0,0],"10":[0,0],"11":[0,0],"12":[0,0],"13":[0,0],"14":[0,0],"15":[0,0],"16":[0,0],"17":[0,0],"18":[0,0],"19":[0,0],"20":[0,0],"21":[0,0],"22":[0,0],"23":[0,0],"24":[0,0],"25":[0,0],"26":[0,0],"27":[0,0],"28":[0,0],"29":[0,0],"30":[0,0],"31":[0,0],"32":[0,0],"33":[0,0],"34":[0,0],"35":[0,0],"36":[0,0],"37":[0,0,0],"38":[0,0],"39":[0,0],"40":[0,0],"41":[0,0],"42":[0,0],"43":[0,0],"44":[0,0],"45":[0,0],"46":[0,0],"47":[0,0],"48":[0,0],"49":[0,0],"50":[0,0],"51":[0,0],"52":[0,0],"53":[0,0],"54":[0,0],"55":[0,0],"56":[0,0],"57":[0,0],"58":[0,0],"59":[0,0],"60":[0,0],"61":[0,0],"62":[0,0],"63":[0,0],"64":[0,0],"65":[0,0],"66":[0,0],"67":[0,0],"68":[0,0],"69":[0,0],"70":[0,0],"71":[0,0],"72":[0,0],"73":[0,0],"74":[0,0],"75":[0,0],"76":[0,0],"77":[0,0],"78":[0,0],"79":[0,0],"80":[0,0],"81":[0,0],"82":[0,0],"83":[0,0],"84":[0,0],"85":[0,0],"86":[0,0],"87":[0,0],"88":[0,0],"89":[0,0],"90":[0,0],"91":[0,0],"92":[0,0],"93":[0,0],"94":[0,0],"95":[0,0],"96":[0,0,0],"97":[0,0],"98":[0,0],"99":[0,0],"100":[0,0],"101":[0,0],"102":[0,0],"103":[0,0],"104":[0,0],"105":[0,0],"106":[0,0],"107":[0,0],"108":[0,0],"109":[0,0],"110":[0,0],"111":[0,0],"112":[0,0],"113":[0,0],"114":[0,0],"115":[2,0],"116":[1,1],"117":[1,1],"118":[0,0],"119":[0,0],"120":[0,0],"121":[0,0],"122":[0,0],"123":[0,0],"124":[0,0],"125":[0,0],"126":[0,0],"127":[0,0],"128":[0,0],"129":[0,0],"130":[0,0],"131":[0,0],"132":[0,0],"133":[0,0],"134":[0,0],"135":[0,0],"136":[0,0],"137":[0,0],"138":[0,0]},"f":{"1":0,"2":0,"3":0,"4":0,"5":0,"6":0,"7":0,"8":0,"9":0,"10":0,"11":30,"12":0,"13":0,"14":0,"15":0,"16":0,"17":0,"18":0,"19":0,"20":0,"21":0,"22":0,"23":0,"24":0,"25":0,"26":0,"27":0,"28":0,"29":0,"30":0,"31":0,"32":0,"33":0,"34":0,"35":0,"36":0,"37":0,"38":0,"39":0,"40":0,"41":0,"42":0,"43":0,"44":0,"45":0,"46":0,"47":0,"48":0,"49":0,"50":0,"51":0,"52":0,"53":0,"54":0,"55":0,"56":0,"57":0,"58":0,"59":0,"60":0,"61":0,"62":0,"63":0,"64":0,"65":0,"66":0,"67":0,"68":0,"69":0,"70":0,"71":0,"72":0,"73":0,"74":0,"75":0,"76":0,"77":0,"78":0,"79":0,"80":0,"81":0,"82":0,"83":0,"84":0,"85":0,"86":0,"87":0,"88":0,"89":0,"90":0,"91":0,"92":0,"93":0,"94":0,"95":0,"96":0,"97":0,"98":0,"99":0,"100":0,"101":0,"102":0,"103":0,"104":2,"105":0,"106":0,"107":0,"108":0,"109":0,"110":0,"111":0,"112":0,"113":0,"114":0,"115":0,"116":0,"117":0,"118":0,"119":0},"fnMap":{"1":{"name":"(anonymous_1)","line":46,"loc":{"start":{"line":46,"column":21},"end":{"line":46,"column":31}}},"2":{"name":"cache","line":60,"loc":{"start":{"line":60,"column":0},"end":{"line":60,"column":34}}},"3":{"name":"read","line":86,"loc":{"start":{"line":86,"column":0},"end":{"line":86,"column":33}}},"4":{"name":"(anonymous_4)","line":94,"loc":{"start":{"line":94,"column":28},"end":{"line":94,"column":46}}},"5":{"name":"readPartials","line":113,"loc":{"start":{"line":113,"column":0},"end":{"line":113,"column":41}}},"6":{"name":"next","line":118,"loc":{"start":{"line":118,"column":2},"end":{"line":118,"column":23}}},"7":{"name":"(anonymous_7)","line":122,"loc":{"start":{"line":122,"column":24},"end":{"line":122,"column":42}}},"8":{"name":"promisify","line":136,"loc":{"start":{"line":136,"column":0},"end":{"line":136,"column":29}}},"9":{"name":"(anonymous_9)","line":137,"loc":{"start":{"line":137,"column":21},"end":{"line":137,"column":41}}},"10":{"name":"(anonymous_10)","line":138,"loc":{"start":{"line":138,"column":15},"end":{"line":138,"column":36}}},"11":{"name":"fromStringRenderer","line":153,"loc":{"start":{"line":153,"column":0},"end":{"line":153,"column":34}}},"12":{"name":"(anonymous_12)","line":154,"loc":{"start":{"line":154,"column":9},"end":{"line":154,"column":36}}},"13":{"name":"(anonymous_13)","line":157,"loc":{"start":{"line":157,"column":25},"end":{"line":157,"column":38}}},"14":{"name":"(anonymous_14)","line":158,"loc":{"start":{"line":158,"column":34},"end":{"line":158,"column":49}}},"15":{"name":"(anonymous_15)","line":163,"loc":{"start":{"line":163,"column":30},"end":{"line":163,"column":48}}},"16":{"name":"(anonymous_16)","line":191,"loc":{"start":{"line":191,"column":24},"end":{"line":191,"column":50}}},"17":{"name":"(anonymous_17)","line":192,"loc":{"start":{"line":192,"column":23},"end":{"line":192,"column":37}}},"18":{"name":"(anonymous_18)","line":232,"loc":{"start":{"line":232,"column":24},"end":{"line":232,"column":50}}},"19":{"name":"(anonymous_19)","line":236,"loc":{"start":{"line":236,"column":50},"end":{"line":236,"column":70}}},"20":{"name":"(anonymous_20)","line":259,"loc":{"start":{"line":259,"column":41},"end":{"line":259,"column":71}}},"21":{"name":"(anonymous_21)","line":292,"loc":{"start":{"line":292,"column":15},"end":{"line":292,"column":42}}},"22":{"name":"(anonymous_22)","line":293,"loc":{"start":{"line":293,"column":23},"end":{"line":293,"column":37}}},"23":{"name":"(anonymous_23)","line":320,"loc":{"start":{"line":320,"column":22},"end":{"line":320,"column":48}}},"24":{"name":"(anonymous_24)","line":321,"loc":{"start":{"line":321,"column":23},"end":{"line":321,"column":37}}},"25":{"name":"(anonymous_25)","line":354,"loc":{"start":{"line":354,"column":22},"end":{"line":354,"column":48}}},"26":{"name":"(anonymous_26)","line":355,"loc":{"start":{"line":355,"column":23},"end":{"line":355,"column":36}}},"27":{"name":"(anonymous_27)","line":379,"loc":{"start":{"line":379,"column":20},"end":{"line":379,"column":44}}},"28":{"name":"(anonymous_28)","line":404,"loc":{"start":{"line":404,"column":22},"end":{"line":404,"column":48}}},"29":{"name":"(anonymous_29)","line":405,"loc":{"start":{"line":405,"column":23},"end":{"line":405,"column":36}}},"30":{"name":"(anonymous_30)","line":429,"loc":{"start":{"line":429,"column":22},"end":{"line":429,"column":48}}},"31":{"name":"(anonymous_31)","line":430,"loc":{"start":{"line":430,"column":23},"end":{"line":430,"column":36}}},"32":{"name":"(anonymous_32)","line":451,"loc":{"start":{"line":451,"column":24},"end":{"line":451,"column":50}}},"33":{"name":"(anonymous_33)","line":452,"loc":{"start":{"line":452,"column":23},"end":{"line":452,"column":36}}},"34":{"name":"(anonymous_34)","line":473,"loc":{"start":{"line":473,"column":22},"end":{"line":473,"column":48}}},"35":{"name":"(anonymous_35)","line":474,"loc":{"start":{"line":474,"column":23},"end":{"line":474,"column":36}}},"36":{"name":"(anonymous_36)","line":498,"loc":{"start":{"line":498,"column":21},"end":{"line":498,"column":47}}},"37":{"name":"(anonymous_37)","line":499,"loc":{"start":{"line":499,"column":23},"end":{"line":499,"column":37}}},"38":{"name":"(anonymous_38)","line":521,"loc":{"start":{"line":521,"column":21},"end":{"line":521,"column":47}}},"39":{"name":"(anonymous_39)","line":522,"loc":{"start":{"line":522,"column":23},"end":{"line":522,"column":36}}},"40":{"name":"(anonymous_40)","line":542,"loc":{"start":{"line":542,"column":22},"end":{"line":542,"column":48}}},"41":{"name":"(anonymous_41)","line":543,"loc":{"start":{"line":543,"column":23},"end":{"line":543,"column":36}}},"42":{"name":"(anonymous_42)","line":547,"loc":{"start":{"line":547,"column":25},"end":{"line":547,"column":38}}},"43":{"name":"(anonymous_43)","line":566,"loc":{"start":{"line":566,"column":23},"end":{"line":566,"column":49}}},"44":{"name":"(anonymous_44)","line":567,"loc":{"start":{"line":567,"column":23},"end":{"line":567,"column":36}}},"45":{"name":"(anonymous_45)","line":588,"loc":{"start":{"line":588,"column":22},"end":{"line":588,"column":48}}},"46":{"name":"(anonymous_46)","line":589,"loc":{"start":{"line":589,"column":23},"end":{"line":589,"column":36}}},"47":{"name":"(anonymous_47)","line":610,"loc":{"start":{"line":610,"column":24},"end":{"line":610,"column":50}}},"48":{"name":"(anonymous_48)","line":611,"loc":{"start":{"line":611,"column":23},"end":{"line":611,"column":37}}},"49":{"name":"(anonymous_49)","line":626,"loc":{"start":{"line":626,"column":19},"end":{"line":626,"column":46}}},"50":{"name":"(anonymous_50)","line":627,"loc":{"start":{"line":627,"column":23},"end":{"line":627,"column":37}}},"51":{"name":"(anonymous_51)","line":637,"loc":{"start":{"line":637,"column":26},"end":{"line":637,"column":52}}},"52":{"name":"(anonymous_52)","line":638,"loc":{"start":{"line":638,"column":23},"end":{"line":638,"column":36}}},"53":{"name":"(anonymous_53)","line":658,"loc":{"start":{"line":658,"column":32},"end":{"line":658,"column":58}}},"54":{"name":"(anonymous_54)","line":659,"loc":{"start":{"line":659,"column":23},"end":{"line":659,"column":36}}},"55":{"name":"(anonymous_55)","line":680,"loc":{"start":{"line":680,"column":23},"end":{"line":680,"column":49}}},"56":{"name":"(anonymous_56)","line":681,"loc":{"start":{"line":681,"column":23},"end":{"line":681,"column":37}}},"57":{"name":"(anonymous_57)","line":702,"loc":{"start":{"line":702,"column":27},"end":{"line":702,"column":53}}},"58":{"name":"(anonymous_58)","line":703,"loc":{"start":{"line":703,"column":23},"end":{"line":703,"column":37}}},"59":{"name":"(anonymous_59)","line":724,"loc":{"start":{"line":724,"column":28},"end":{"line":724,"column":55}}},"60":{"name":"(anonymous_60)","line":725,"loc":{"start":{"line":725,"column":23},"end":{"line":725,"column":36}}},"61":{"name":"(anonymous_61)","line":752,"loc":{"start":{"line":752,"column":28},"end":{"line":752,"column":55}}},"62":{"name":"(anonymous_62)","line":753,"loc":{"start":{"line":753,"column":23},"end":{"line":753,"column":36}}},"63":{"name":"(anonymous_63)","line":775,"loc":{"start":{"line":775,"column":24},"end":{"line":775,"column":51}}},"64":{"name":"(anonymous_64)","line":776,"loc":{"start":{"line":776,"column":23},"end":{"line":776,"column":37}}},"65":{"name":"(anonymous_65)","line":792,"loc":{"start":{"line":792,"column":14},"end":{"line":792,"column":41}}},"66":{"name":"(anonymous_66)","line":793,"loc":{"start":{"line":793,"column":23},"end":{"line":793,"column":37}}},"67":{"name":"(anonymous_67)","line":820,"loc":{"start":{"line":820,"column":21},"end":{"line":820,"column":47}}},"68":{"name":"(anonymous_68)","line":821,"loc":{"start":{"line":821,"column":23},"end":{"line":821,"column":37}}},"69":{"name":"(anonymous_69)","line":855,"loc":{"start":{"line":855,"column":22},"end":{"line":855,"column":50}}},"70":{"name":"(anonymous_70)","line":856,"loc":{"start":{"line":856,"column":23},"end":{"line":856,"column":37}}},"71":{"name":"(anonymous_71)","line":859,"loc":{"start":{"line":859,"column":39},"end":{"line":859,"column":57}}},"72":{"name":"(anonymous_72)","line":861,"loc":{"start":{"line":861,"column":9},"end":{"line":861,"column":24}}},"73":{"name":"(anonymous_73)","line":881,"loc":{"start":{"line":881,"column":24},"end":{"line":881,"column":52}}},"74":{"name":"(anonymous_74)","line":882,"loc":{"start":{"line":882,"column":23},"end":{"line":882,"column":37}}},"75":{"name":"(anonymous_75)","line":903,"loc":{"start":{"line":903,"column":26},"end":{"line":903,"column":53}}},"76":{"name":"(anonymous_76)","line":904,"loc":{"start":{"line":904,"column":23},"end":{"line":904,"column":37}}},"77":{"name":"(anonymous_77)","line":918,"loc":{"start":{"line":918,"column":15},"end":{"line":918,"column":42}}},"78":{"name":"(anonymous_78)","line":919,"loc":{"start":{"line":919,"column":23},"end":{"line":919,"column":36}}},"79":{"name":"(anonymous_79)","line":934,"loc":{"start":{"line":934,"column":22},"end":{"line":934,"column":48}}},"80":{"name":"(anonymous_80)","line":935,"loc":{"start":{"line":935,"column":23},"end":{"line":935,"column":37}}},"81":{"name":"(anonymous_81)","line":946,"loc":{"start":{"line":946,"column":14},"end":{"line":946,"column":41}}},"82":{"name":"(anonymous_82)","line":947,"loc":{"start":{"line":947,"column":23},"end":{"line":947,"column":37}}},"83":{"name":"(anonymous_83)","line":962,"loc":{"start":{"line":962,"column":21},"end":{"line":962,"column":47}}},"84":{"name":"(anonymous_84)","line":963,"loc":{"start":{"line":963,"column":23},"end":{"line":963,"column":37}}},"85":{"name":"(anonymous_85)","line":980,"loc":{"start":{"line":980,"column":22},"end":{"line":980,"column":48}}},"86":{"name":"(anonymous_86)","line":981,"loc":{"start":{"line":981,"column":23},"end":{"line":981,"column":37}}},"87":{"name":"(anonymous_87)","line":996,"loc":{"start":{"line":996,"column":17},"end":{"line":996,"column":44}}},"88":{"name":"(anonymous_88)","line":997,"loc":{"start":{"line":997,"column":23},"end":{"line":997,"column":37}}},"89":{"name":"(anonymous_89)","line":1007,"loc":{"start":{"line":1007,"column":24},"end":{"line":1007,"column":51}}},"90":{"name":"(anonymous_90)","line":1008,"loc":{"start":{"line":1008,"column":23},"end":{"line":1008,"column":37}}},"91":{"name":"(anonymous_91)","line":1028,"loc":{"start":{"line":1028,"column":21},"end":{"line":1028,"column":49}}},"92":{"name":"(anonymous_92)","line":1029,"loc":{"start":{"line":1029,"column":23},"end":{"line":1029,"column":37}}},"93":{"name":"(anonymous_93)","line":1050,"loc":{"start":{"line":1050,"column":25},"end":{"line":1050,"column":53}}},"94":{"name":"(anonymous_94)","line":1051,"loc":{"start":{"line":1051,"column":23},"end":{"line":1051,"column":37}}},"95":{"name":"(anonymous_95)","line":1072,"loc":{"start":{"line":1072,"column":25},"end":{"line":1072,"column":51}}},"96":{"name":"(anonymous_96)","line":1073,"loc":{"start":{"line":1073,"column":23},"end":{"line":1073,"column":37}}},"97":{"name":"(anonymous_97)","line":1113,"loc":{"start":{"line":1113,"column":26},"end":{"line":1113,"column":54}}},"98":{"name":"(anonymous_98)","line":1114,"loc":{"start":{"line":1114,"column":23},"end":{"line":1114,"column":37}}},"99":{"name":"(anonymous_99)","line":1193,"loc":{"start":{"line":1193,"column":25},"end":{"line":1193,"column":52}}},"100":{"name":"(anonymous_100)","line":1194,"loc":{"start":{"line":1194,"column":23},"end":{"line":1194,"column":37}}},"101":{"name":"requireReact","line":1209,"loc":{"start":{"line":1209,"column":0},"end":{"line":1209,"column":40}}},"102":{"name":"requireReactString","line":1223,"loc":{"start":{"line":1223,"column":0},"end":{"line":1223,"column":43}}},"103":{"name":"reactBaseTmpl","line":1244,"loc":{"start":{"line":1244,"column":0},"end":{"line":1244,"column":37}}},"104":{"name":"reactRenderer","line":1269,"loc":{"start":{"line":1269,"column":0},"end":{"line":1269,"column":28}}},"105":{"name":"(anonymous_105)","line":1287,"loc":{"start":{"line":1287,"column":9},"end":{"line":1287,"column":36}}},"106":{"name":"(anonymous_106)","line":1288,"loc":{"start":{"line":1288,"column":25},"end":{"line":1288,"column":38}}},"107":{"name":"(anonymous_107)","line":1366,"loc":{"start":{"line":1366,"column":34},"end":{"line":1366,"column":61}}},"108":{"name":"(anonymous_108)","line":1369,"loc":{"start":{"line":1369,"column":35},"end":{"line":1369,"column":51}}},"109":{"name":"(anonymous_109)","line":1373,"loc":{"start":{"line":1373,"column":23},"end":{"line":1373,"column":37}}},"110":{"name":"(anonymous_110)","line":1382,"loc":{"start":{"line":1382,"column":20},"end":{"line":1382,"column":36}}},"111":{"name":"(anonymous_111)","line":1383,"loc":{"start":{"line":1383,"column":16},"end":{"line":1383,"column":34}}},"112":{"name":"(anonymous_112)","line":1399,"loc":{"start":{"line":1399,"column":22},"end":{"line":1399,"column":49}}},"113":{"name":"(anonymous_113)","line":1400,"loc":{"start":{"line":1400,"column":23},"end":{"line":1400,"column":36}}},"114":{"name":"(anonymous_114)","line":1431,"loc":{"start":{"line":1431,"column":21},"end":{"line":1431,"column":48}}},"115":{"name":"(anonymous_115)","line":1432,"loc":{"start":{"line":1432,"column":23},"end":{"line":1432,"column":37}}},"116":{"name":"(anonymous_116)","line":1448,"loc":{"start":{"line":1448,"column":16},"end":{"line":1448,"column":43}}},"117":{"name":"(anonymous_117)","line":1449,"loc":{"start":{"line":1449,"column":23},"end":{"line":1449,"column":37}}},"118":{"name":"(anonymous_118)","line":1466,"loc":{"start":{"line":1466,"column":23},"end":{"line":1466,"column":50}}},"119":{"name":"(anonymous_119)","line":1467,"loc":{"start":{"line":1467,"column":23},"end":{"line":1467,"column":37}}}},"statementMap":{"1":{"start":{"line":17,"column":0},"end":{"line":17,"column":23}},"2":{"start":{"line":18,"column":0},"end":{"line":18,"column":27}},"3":{"start":{"line":19,"column":0},"end":{"line":19,"column":34}},"4":{"start":{"line":21,"column":0},"end":{"line":21,"column":21}},"5":{"start":{"line":22,"column":0},"end":{"line":22,"column":27}},"6":{"start":{"line":23,"column":0},"end":{"line":23,"column":27}},"7":{"start":{"line":24,"column":0},"end":{"line":24,"column":27}},"8":{"start":{"line":26,"column":0},"end":{"line":26,"column":19}},"9":{"start":{"line":32,"column":0},"end":{"line":32,"column":20}},"10":{"start":{"line":38,"column":0},"end":{"line":38,"column":18}},"11":{"start":{"line":46,"column":0},"end":{"line":48,"column":2}},"12":{"start":{"line":47,"column":2},"end":{"line":47,"column":18}},"13":{"start":{"line":60,"column":0},"end":{"line":74,"column":1}},"14":{"start":{"line":62,"column":2},"end":{"line":66,"column":3}},"15":{"start":{"line":63,"column":4},"end":{"line":63,"column":39}},"16":{"start":{"line":64,"column":4},"end":{"line":64,"column":44}},"17":{"start":{"line":65,"column":4},"end":{"line":65,"column":20}},"18":{"start":{"line":69,"column":2},"end":{"line":71,"column":3}},"19":{"start":{"line":70,"column":4},"end":{"line":70,"column":40}},"20":{"start":{"line":73,"column":2},"end":{"line":73,"column":18}},"21":{"start":{"line":86,"column":0},"end":{"line":101,"column":1}},"22":{"start":{"line":87,"column":2},"end":{"line":87,"column":28}},"23":{"start":{"line":88,"column":2},"end":{"line":88,"column":63}},"24":{"start":{"line":91,"column":2},"end":{"line":91,"column":35}},"25":{"start":{"line":91,"column":14},"end":{"line":91,"column":35}},"26":{"start":{"line":94,"column":2},"end":{"line":100,"column":5}},"27":{"start":{"line":95,"column":4},"end":{"line":95,"column":28}},"28":{"start":{"line":95,"column":13},"end":{"line":95,"column":28}},"29":{"start":{"line":97,"column":4},"end":{"line":97,"column":37}},"30":{"start":{"line":98,"column":4},"end":{"line":98,"column":45}},"31":{"start":{"line":98,"column":23},"end":{"line":98,"column":45}},"32":{"start":{"line":99,"column":4},"end":{"line":99,"column":18}},"33":{"start":{"line":113,"column":0},"end":{"line":130,"column":1}},"34":{"start":{"line":114,"column":2},"end":{"line":114,"column":37}},"35":{"start":{"line":114,"column":25},"end":{"line":114,"column":37}},"36":{"start":{"line":115,"column":2},"end":{"line":115,"column":34}},"37":{"start":{"line":116,"column":2},"end":{"line":116,"column":35}},"38":{"start":{"line":118,"column":2},"end":{"line":127,"column":3}},"39":{"start":{"line":119,"column":4},"end":{"line":119,"column":47}},"40":{"start":{"line":119,"column":31},"end":{"line":119,"column":47}},"41":{"start":{"line":120,"column":4},"end":{"line":120,"column":26}},"42":{"start":{"line":121,"column":4},"end":{"line":121,"column":66}},"43":{"start":{"line":122,"column":4},"end":{"line":126,"column":7}},"44":{"start":{"line":123,"column":6},"end":{"line":123,"column":30}},"45":{"start":{"line":123,"column":15},"end":{"line":123,"column":30}},"46":{"start":{"line":124,"column":6},"end":{"line":124,"column":34}},"47":{"start":{"line":125,"column":6},"end":{"line":125,"column":20}},"48":{"start":{"line":129,"column":2},"end":{"line":129,"column":10}},"49":{"start":{"line":136,"column":0},"end":{"line":146,"column":1}},"50":{"start":{"line":137,"column":2},"end":{"line":145,"column":5}},"51":{"start":{"line":138,"column":4},"end":{"line":143,"column":6}},"52":{"start":{"line":139,"column":6},"end":{"line":141,"column":7}},"53":{"start":{"line":140,"column":8},"end":{"line":140,"column":24}},"54":{"start":{"line":142,"column":6},"end":{"line":142,"column":16}},"55":{"start":{"line":144,"column":4},"end":{"line":144,"column":13}},"56":{"start":{"line":153,"column":0},"end":{"line":171,"column":1}},"57":{"start":{"line":154,"column":2},"end":{"line":170,"column":4}},"58":{"start":{"line":155,"column":4},"end":{"line":155,"column":28}},"59":{"start":{"line":157,"column":4},"end":{"line":169,"column":7}},"60":{"start":{"line":158,"column":6},"end":{"line":168,"column":9}},"61":{"start":{"line":159,"column":8},"end":{"line":159,"column":32}},"62":{"start":{"line":159,"column":17},"end":{"line":159,"column":32}},"63":{"start":{"line":160,"column":8},"end":{"line":167,"column":9}},"64":{"start":{"line":161,"column":10},"end":{"line":161,"column":48}},"65":{"start":{"line":163,"column":10},"end":{"line":166,"column":13}},"66":{"start":{"line":164,"column":12},"end":{"line":164,"column":36}},"67":{"start":{"line":164,"column":21},"end":{"line":164,"column":36}},"68":{"start":{"line":165,"column":12},"end":{"line":165,"column":51}},"69":{"start":{"line":177,"column":0},"end":{"line":177,"column":46}},"70":{"start":{"line":191,"column":0},"end":{"line":286,"column":2}},"71":{"start":{"line":192,"column":2},"end":{"line":285,"column":5}},"72":{"start":{"line":193,"column":4},"end":{"line":193,"column":78}},"73":{"start":{"line":194,"column":4},"end":{"line":284,"column":5}},"74":{"start":{"line":195,"column":6},"end":{"line":195,"column":40}},"75":{"start":{"line":196,"column":6},"end":{"line":196,"column":12}},"76":{"start":{"line":203,"column":6},"end":{"line":208,"column":7}},"77":{"start":{"line":204,"column":8},"end":{"line":206,"column":9}},"78":{"start":{"line":205,"column":10},"end":{"line":205,"column":50}},"79":{"start":{"line":207,"column":8},"end":{"line":207,"column":30}},"80":{"start":{"line":210,"column":6},"end":{"line":213,"column":7}},"81":{"start":{"line":211,"column":8},"end":{"line":211,"column":48}},"82":{"start":{"line":212,"column":8},"end":{"line":212,"column":28}},"83":{"start":{"line":219,"column":6},"end":{"line":224,"column":7}},"84":{"start":{"line":220,"column":8},"end":{"line":222,"column":9}},"85":{"start":{"line":221,"column":10},"end":{"line":221,"column":51}},"86":{"start":{"line":223,"column":8},"end":{"line":223,"column":31}},"87":{"start":{"line":230,"column":6},"end":{"line":230,"column":59}},"88":{"start":{"line":232,"column":6},"end":{"line":240,"column":9}},"89":{"start":{"line":233,"column":8},"end":{"line":233,"column":58}},"90":{"start":{"line":234,"column":8},"end":{"line":234,"column":64}},"91":{"start":{"line":236,"column":8},"end":{"line":239,"column":11}},"92":{"start":{"line":237,"column":10},"end":{"line":237,"column":40}},"93":{"start":{"line":237,"column":19},"end":{"line":237,"column":40}},"94":{"start":{"line":238,"column":10},"end":{"line":238,"column":45}},"95":{"start":{"line":241,"column":6},"end":{"line":241,"column":32}},"96":{"start":{"line":249,"column":6},"end":{"line":251,"column":8}},"97":{"start":{"line":253,"column":6},"end":{"line":266,"column":7}},"98":{"start":{"line":254,"column":8},"end":{"line":254,"column":46}},"99":{"start":{"line":256,"column":8},"end":{"line":264,"column":9}},"100":{"start":{"line":259,"column":10},"end":{"line":262,"column":12}},"101":{"start":{"line":260,"column":12},"end":{"line":260,"column":54}},"102":{"start":{"line":261,"column":12},"end":{"line":261,"column":53}},"103":{"start":{"line":265,"column":8},"end":{"line":265,"column":34}},"104":{"start":{"line":272,"column":6},"end":{"line":274,"column":7}},"105":{"start":{"line":273,"column":8},"end":{"line":273,"column":41}},"106":{"start":{"line":280,"column":6},"end":{"line":280,"column":87}},"107":{"start":{"line":281,"column":6},"end":{"line":281,"column":24}},"108":{"start":{"line":283,"column":6},"end":{"line":283,"column":14}},"109":{"start":{"line":292,"column":0},"end":{"line":314,"column":2}},"110":{"start":{"line":293,"column":2},"end":{"line":313,"column":5}},"111":{"start":{"line":294,"column":4},"end":{"line":294,"column":31}},"112":{"start":{"line":295,"column":4},"end":{"line":305,"column":5}},"113":{"start":{"line":296,"column":6},"end":{"line":304,"column":7}},"114":{"start":{"line":297,"column":8},"end":{"line":297,"column":49}},"115":{"start":{"line":299,"column":8},"end":{"line":303,"column":9}},"116":{"start":{"line":300,"column":10},"end":{"line":300,"column":56}},"117":{"start":{"line":302,"column":10},"end":{"line":302,"column":20}},"118":{"start":{"line":307,"column":4},"end":{"line":312,"column":5}},"119":{"start":{"line":308,"column":6},"end":{"line":308,"column":85}},"120":{"start":{"line":309,"column":6},"end":{"line":309,"column":30}},"121":{"start":{"line":311,"column":6},"end":{"line":311,"column":14}},"122":{"start":{"line":320,"column":0},"end":{"line":342,"column":2}},"123":{"start":{"line":321,"column":2},"end":{"line":341,"column":5}},"124":{"start":{"line":322,"column":4},"end":{"line":322,"column":31}},"125":{"start":{"line":323,"column":4},"end":{"line":333,"column":5}
[...]
rus'));","    try {","      var tmpl = cache(options) || cache(options, engine.parse(str));","      fn(null, tmpl.compile(options));","    } catch (err) {","      fn(err);","    }","  });","};","","/**"," * Mustache support."," */","","exports.mustache = fromStringRenderer('mustache');","","/**"," * Mustache string support."," */","","exports.mustache.render = function(str, options, fn) {","  return promisify(fn, function (fn) {","    var engine = requires.mustache || (requires.mustache = require('mustache'));","    try {","      fn(null, engine.to_html(str, options, options.partials));","    } catch (err) {","      fn(err);","    }","  });","};","","/**"," * Just support."," */","","exports.just = function(path, options, fn){","  return promisify(fn, function(fn) {","    var engine = requires.just;","    if (!engine) {","      var JUST = require('just');","      engine = requires.just = new JUST();","    }","    engine.configure({ useCache: options.cache });","    engine.render(path, options, fn);","  });","};","","/**"," * Just string support."," */","","exports.just.render = function(str, options, fn){","  return promisify(fn, function (fn) {","    var JUST = require('just');","    var engine = new JUST({ root: { page: str }});","    engine.render('page', options, fn);","  });","};","","/**"," * ECT support."," */","","exports.ect = function(path, options, fn){","  return promisify(fn, function (fn) {","    var engine = requires.ect;","    if (!engine) {","      var ECT = require('ect');","      engine = requires.ect = new ECT(options);","    }","    engine.configure({ cache: options.cache });","    engine.render(path, options, fn);","  });","};","","/**"," * ECT string support."," */","","exports.ect.render = function(str, options, fn){","  return promisify(fn, function (fn) {","    var ECT = require('ect');","    var engine = new ECT({ root: { page: str }});","    engine.render('page', options, fn);","  });","};","","/**"," * mote support."," */","","exports.mote = fromStringRenderer('mote');","","/**"," * mote string support."," */","","exports.mote.render = function(str, options, fn){","  return promisify(fn, function (fn) {","    var engine = requires.mote || (requires.mote = require('mote'));","    try {","      var tmpl = cache(options) || cache(options, engine.compile(str));","      fn(null, tmpl(options));","    } catch (err) {","      fn(err);","    }","  });","};","","/**"," * Toffee support."," */","","exports.toffee = function(path, options, fn){","  return promisify(fn, function (fn) {","    var toffee = requires.toffee || (requires.toffee = require('toffee'));","    toffee.__consolidate_engine_render(path, options, fn);","  });","};","","/**"," * Toffee string support."," */","","exports.toffee.render = function(str, options, fn) {","  return promisify(fn, function (fn) {","    var engine = requires.toffee || (requires.toffee = require('toffee'));","    try {","      engine.str_render(str, options,fn);","    } catch (err) {","      fn(err);","    }","  });","};","","/**"," * doT support."," */","","exports.dot = fromStringRenderer('dot');","","/**"," * doT string support."," */","","exports.dot.render = function (str, options, fn) {","  return promisify(fn, function (fn) {","    var engine = requires.dot || (requires.dot = require('dot'));","    try {","      var tmpl = cache(options) || cache(options, engine.compile(str, options && options._def));","      fn(null, tmpl(options));","    } catch (err) {","      fn(err);","    }","  });","};","","/**"," * bracket support."," */","","exports.bracket = fromStringRenderer('bracket');","","/**"," * bracket string support."," */","","exports.bracket.render = function (str, options, fn) {","  return promisify(fn, function (fn) {","    var engine = requires.bracket || (requires.bracket = require('bracket-template'));","    try {","      var tmpl = cache(options) || cache(options, engine.default.compile(str));","      fn(null, tmpl(options));","    } catch (err) {","      fn(err);","    }","  });","};","","/**"," * Ractive support."," */","","exports.ractive = fromStringRenderer('ractive');","","/**"," * Ractive string support."," */","","exports.ractive.render = function(str, options, fn){","  return promisify(fn, function (fn) {","    var engine = requires.ractive || (requires.ractive = require('ractive'));","","    var template = cache(options) || cache(options, engine.parse(str));","    options.template = template;","","    if (options.data === null || options.data === undefined)","    {","      var extend = (requires.extend || (requires.extend = require('util')._extend));","","      // Shallow clone the options object","      options.data = extend({}, options);","","      // Remove consolidate-specific properties from the clone","      var i, length;","      var properties = [\"template\", \"filename\", \"cache\", \"partials\"];","      for (i = 0, length = properties.length; i < length; i++) {","        var property = properties[i];","        delete options.data[property];","      }","    }","","    try {","      fn(null, new engine(options).toHTML());","    } catch (err) {","      fn(err);","    }","  });","};","","/**"," * Nunjucks support."," */","","exports.nunjucks = fromStringRenderer('nunjucks');","","/**"," * Nunjucks string support."," */","","exports.nunjucks.render = function (str, options, fn) {","  return promisify(fn, function (fn) {","","    try {","","      var engine = options.nunjucksEnv || requires.nunjucks || (requires.nunjucks = require('nunjucks'));","","      var env = engine;","","      // deprecated fallback support for express","      // <https://github.com/tj/consolidate.js/pull/152>","      // <https://github.com/tj/consolidate.js/pull/224>","      if (options.settings && options.settings.views)","        env = engine.configure(options.settings.views);","      else if (options.nunjucks && options.nunjucks.configure)","        env = engine.configure.apply(engine, options.nunjucks.configure);","","      //","      // because `renderString` does not initiate loaders","      // we must manually create a loader for it based off","      // either `options.settings.views` or `options.nunjucks` or `options.nunjucks.root`","      //","      // <https://github.com/mozilla/nunjucks/issues/730>","      // <https://github.com/crocodilejs/node-email-templates/issues/182>","      //","","      //","      // note that the below code didn't work nor make sense before","      // because loaders should take different options from rendering","      //","","      /*","      var loader = options.loader;","      if (loader) {","        var env = new engine.Environment(new loader(options));","        env.renderString(str, options, fn);","      } else {","        engine.renderString(str, options, fn);","      }","      */","","      // so instead we simply check if we passed a custom loader","      // otherwise we create a simple file based loader","      if (options.loader) {","        env = new engine.Environment(options.loader);","      } else if (options.settings && options.settings.views) {","        env = new engine.Environment(","          new engine.FileSystemLoader(options.settings.views)","        );","      } else if (options.nunjucks && options.nunjucks.loader) {","        if (typeof options.nunjucks.loader === 'string')","          env = new engine.Environment(new engine.FileSystemLoader(options.nunjucks.loader));","        else","          env = new engine.Environment(","            new engine.FileSystemLoader(","              options.nunjucks.loader[0],","              options.nunjucks.loader[1]","            )","          );","      }","","      env.renderString(str, options, fn);","","    } catch (err) {","      throw fn(err);","    }","  });","};","","","/**"," * HTMLing support."," */","","exports.htmling = fromStringRenderer('htmling');","","/**"," * HTMLing string support."," */","","exports.htmling.render = function(str, options, fn) {","  return promisify(fn, function (fn) {","    var engine = requires.htmling || (requires.htmling = require('htmling'));","    try {","      var tmpl = cache(options) || cache(options, engine.string(str));","      fn(null, tmpl.render(options));","    } catch (err) {","      fn(err);","    }","  });","};","","","/**"," *  Rendering function"," */","function requireReact(module, filename) {","  var babel = requires.babel || (requires.babel = require('babel-core'));","","  var compiled = babel.transformFileSync(filename, { presets: [ 'react' ] }).code","","  return module._compile(compiled, filename);","}","","exports.requireReact = requireReact;","","","/**"," *  Converting a string into a node module."," */","function requireReactString(src, filename) {","  var babel = requires.babel || (requires.babel = require('babel-core'));","","  if (!filename) filename = '';","  var m = new module.constructor();","  filename = filename || '';","","  // Compile Using React","  var compiled = babel.transform(src, { presets: [ 'react' ] }).code;","","  // Compile as a module","  m.paths = module.paths;","  m._compile(compiled, filename);","","  return m.exports;","}","","","/**"," * A naive helper to replace {{tags}} with options.tags content"," */","function reactBaseTmpl(data, options){","","  var exp;","  var regex;","","  // Iterates through the keys in file object","  // and interpolate / replace {{key}} with it's value","  for (var k in options){","    if (options.hasOwnProperty(k)){","      exp = '{{' + k + '}}';","      regex = new RegExp(exp, 'g');","      if (data.match(regex)) {","        data = data.replace(regex, options[k]);","      }","    }","  }","","  return data;","}","","","","/**"," *  The main render parser for React bsaed templates"," */","function reactRenderer(type){","","  if (require.extensions) {","","    // Ensure JSX is transformed on require","    if (!require.extensions['.jsx']) {","      require.extensions['.jsx'] = requireReact;","    }","","    // Supporting .react extension as well as test cases","    // Using .react extension is not recommended.","    if (!require.extensions['.react']) {","      require.extensions['.react'] = requireReact;","    }","","  }","","  // Return rendering fx","  return function(str, options, fn) {","    return promisify(fn, function(fn) {","      // React Import","      var ReactDOM = requires.ReactDOM || (requires.ReactDOM = require('react-dom/server'));","      var react = requires.react || (requires.react = require('react'));","","      // Assign HTML Base","      var base = options.base;","      delete options.base;","","      var enableCache = options.cache;","      delete options.cache;","","      var isNonStatic = options.isNonStatic;","      delete options.isNonStatic;","","      // Start Conversion","      try {","","        var Code;","        var Factory;","","        var baseStr;","        var content;","        var parsed;","","        if (!cache(options)){","          // Parsing","          Code = (type === 'path') ? require(resolve(str)) : requireReactString(str);","          Factory = cache(options, react.createFactory(Code));","","        } else {","          Factory = cache(options);","        }","","        parsed = new Factory(options);","        content = (isNonStatic) ? ReactDOM.renderToString(parsed) : ReactDOM.renderToStaticMarkup(parsed);","","        if (base){","          baseStr = readCache[str] || fs.readFileSync(resolve(base), 'utf8');","","          if (enableCache){","            readCache[str] = baseStr;","          }","","          options.content = content;","          content = reactBaseTmpl(baseStr, options);","        }","","        fn(null, content);","","      } catch (err) {","        fn(err);","      }","    });","  };","}","","/**"," * React JS Support"," */","exports.react = reactRenderer('path');","","","/**"," * React JS string support."," */","exports.react.render = reactRenderer('string');","","/**"," * ARC-templates support."," */","","exports['arc-templates'] = fromStringRenderer('arc-templates');","","/**"," * ARC-templates string support."," */","","exports['arc-templates'].render = function(str, options, fn) {","  var readFileWithOptions = Promise.promisify(read);","  var consolidateFileSystem = {};","  consolidateFileSystem.readFile = function (path) {","    return readFileWithOptions(path, options);","  };","","  return promisify(fn, function (fn) {","    try {","      var engine = requires['arc-templates'];","      if (!engine) {","        var Engine = require('arc-templates/dist/es5');","        engine = requires['arc-templates'] = new Engine({ filesystem: consolidateFileSystem });","      }","","      var compiler = cache(options) || cache(options, engine.compileString(str, options.filename));","      compiler.then(function (func) { return func(options); })","          .then(function (result) { fn(null, result.content); })","          .catch(fn);","    } catch (err) {","      fn(err);","    }","  });","};","","/**"," * Vash support"," */","exports.vash = fromStringRenderer('vash');","","/**"," * Vash string support"," */","exports.vash.render = function(str, options, fn) {","  return promisify(fn, function(fn) {","    var engine = requires.vash || (requires.vash = require('vash'));","","    try {","      // helper system : https://github.com/kirbysayshi/vash#helper-system","      if (options.helpers) {","        for (var key in options.helpers) {","          if (!options.helpers.hasOwnProperty(key) || typeof options.helpers[key] !== 'function') {","            continue;","          }","          engine.helpers[key] = options.helpers[key];","        }","      }","      var tmpl = cache(options) || cache(options, engine.compile(str, options));","      fn(null, tmpl(options).replace(/\\n$/, ''));","    } catch (err) {","      fn(err);","    }","  });","};","","/**"," * Slm support."," */","","exports.slm = fromStringRenderer('slm');","","/**"," * Slm string support."," */","","exports.slm.render = function(str, options, fn) {","  return promisify(fn, function (fn) {","    var engine = requires.slm || (requires.slm = require('slm'));","","    try {","      var tmpl = cache(options) || cache(options, engine.compile(str, options));","      fn(null, tmpl(options));","    } catch (err) {","      fn(err);","    }","  });","};","","/**"," * Marko support."," */","","exports.marko = function(path, options, fn){","  return promisify(fn, function (fn) {","    var engine = requires.marko || (requires.marko = require('marko'));","    options.writeToDisk = !!options.cache;","","    try {","      var tmpl = cache(options) || cache(options, engine.load(path, options));","      tmpl.render(options, fn)","    } catch (err) {","      fn(err);","    }","  });","};","","/**"," * Marko string support."," */","","exports.marko.render = function(str, options, fn) {","  return promisify(fn, function (fn) {","    var engine = requires.marko || (requires.marko = require('marko'));","    options.writeToDisk = !!options.cache;","","    try {","      var tmpl = cache(options) || cache(options, engine.load('string.marko', str, options));","      tmpl.render(options, fn)","    } catch (err) {","      fn(err);","    }","  });","};","","/**"," * expose the instance of the engine"," */","","exports.requires = requires;",""],"l":{"17":1,"18":1,"19":1,"21":1,"22":1,"23":1,"24":1,"26":1,"32":1,"38":1,"46":1,"47":0,"60":1,"62":0,"63":0,"64":0,"65":0,"69":0,"70":0,"73":0,"86":1,"87":0,"88":0,"91":0,"94":0,"95":0,"97":0,"98":0,"99":0,"113":1,"114":0,"115":0,"116":0,"118":1,"119":0,"120":0,"121":0,"122":0,"123":0,"124":0,"125":0,"129":0,"136":1,"137":0,"138":0,"139":0,"140":0,"142":0,"144":0,"153":1,"154":30,"155":0,"157":0,"158":0,"159":0,"160":0,"161":0,"163":0,"164":0,"165":0,"177":1,"191":1,"192":0,"193":0,"194":0,"195":0,"196":0,"203":0,"204":0,"205":0,"207":0,"210":0,"211":0,"212":0,"219":0,"220":0,"221":0,"223":0,"230":0,"232":0,"233":0,"234":0,"236":0,"237":0,"238":0,"241":0,"249":0,"253":0,"254":0,"256":0,"259":0,"260":0,"261":0,"265":0,"272":0,"273":0,"280":0,"281":0,"283":0,"292":1,"293":0,"294":0,"295":0,"296":0,"297":0,"299":0,"300":0,"302":0,"307":0,"308":0,"309":0,"311":0,"320":1,"321":0,"322":0,"323":0,"324":0,"325":0,"327":0,"328":0,"330":0,"335":0,"336":0,"337":0,"339":0,"348":1,"354":1,"355":0,"356":0,"357":0,"358":0,"359":0,"361":0,"362":0,"364":0,"369":0,"370":0,"372":0,"373":0,"374":0,"375":0,"377":0,"379":0,"380":0,"381":0,"382":0,"385":0,"386":0,"387":0,"389":0,"398":1,"404":1,"405":0,"406":0,"408":0,"409":0,"410":0,"411":0,"412":0,"414":0,"423":1,"429":1,"430":0,"431":0,"432":0,"433":0,"434":0,"436":0,"445":1,"451":1,"452":0,"453":0,"454":0,"455":0,"456":0,"458":0,"467":1,"473":1,"474":0,"475":0,"476":0,"479":0,"480":0,"481":0,"483":0,"492":1,"498":1,"499":0,"500":0,"501":0,"502":0,"503":0,"505":0,"515":1,"521":1,"522":0,"523":0,"524":0,"525":0,"527":0,"536":1,"542":1,"543":0,"544":0,"545":0,"546":0,"547":0,"548":0,"551":0,"560":1,"566":1,"567":0,"568":0,"569":0,"570":0,"571":0,"573":0,"582":1,"588":1,"589":0,"590":0,"591":0,"592":0,"593":0,"595":0,"604":1,"610":1,"611":0,"612":0,"613":0,"614":0,"615":0,"617":0,"626":1,"627":0,"628":0,"629":0,"637":1,"638":0,"639":0,"640":0,"641":0,"643":0,"652":1,"658":1,"659":0,"660":0,"661":0,"662":0,"663":0,"665":0,"674":1,"680":1,"681":0,"682":0,"683":0,"684":0,"685":0,"687":0,"696":1,"702":1,"703":0,"704":0,"705":0,"706":0,"707":0,"709":0,"718":1,"724":1,"725":0,"726":0,"727":0,"728":0,"729":0,"731":0,"732":0,"734":0,"735":0,"737":0,"746":1,"752":1,"753":0,"754":0,"755":0,"756":0,"757":0,"759":0,"769":1,"775":1,"776":0,"777":0,"778":0,"779":0,"780":0,"782":0,"792":1,"793":0,"794":0,"795":0,"796":0,"797":0,"799":0,"800":0,"802":0,"807":0,"808":0,"809":0,"811":0,"820":1,"821":0,"822":0,"823":0,"824":0,"825":0,"827":0,"828":0,"830":0,"835":0,"836":0,"837":0,"839":0,"849":1,"855":1,"856":0,"857":0,"858":0,"859":0,"860":0,"862":0,"865":0,"875":1,"881":1,"882":0,"883":0,"884":0,"885":0,"886":0,"888":0,"897":1,"903":1,"904":0,"905":0,"906":0,"907":0,"909":0,"918":1,"919":0,"920":0,"921":0,"922":0,"923":0,"925":0,"926":0,"934":1,"935":0,"936":0,"937":0,"938":0,"946":1,"947":0,"948":0,"949":0,"950":0,"951":0,"953":0,"954":0,"962":1,"963":0,"964":0,"965":0,"966":0,"974":1,"980":1,"981":0,"982":0,"983":0,"984":0,"985":0,"987":0,"996":1,"997":0,"998":0,"999":0,"1007":1,"1008":0,"1009":0,"1010":0,"1011":0,"1013":0,"1022":1,"1028":1,"1029":0,"1030":0,"1031":0,"1032":0,"1033":0,"1035":0,"1044":1,"1050":1,"1051":0,"1052":0,"1053":0,"1054":0,"1055":0,"1057":0,"1066":1,"1072":1,"1073":0,"1074":0,"1076":0,"1077":0,"1079":0,"1081":0,"1084":0,"1087":0,"1088":0,"1089":0,"1090":0,"1091":0,"1095":0,"1096":0,"1098":0,"1107":1,"1113":1,"1114":0,"1116":0,"1118":0,"1120":0,"1125":0,"1126":0,"1127":0,"1128":0,"1156":0,"1157":0,"1158":0,"1159":0,"1162":0,"1163":0,"1164":0,"1166":0,"1174":0,"1177":0,"1187":1,"1193":1,"1194":0,"1195":0,"1196":0,"1197":0,"1198":0,"1200":0,"1209":1,"1210":0,"1212":0,"1214":0,"1217":1,"1223":1,"1224":0,"1226":0,"1227":0,"1228":0,"1231":0,"1234":0,"1235":0,"1237":0,"1244":1,"1246":0,"1247":0,"1251":0,"1252":0,"1253":0,"1254":0,"1255":0,"1256":0,"1261":0,"1269":1,"1271":2,"1274":2,"1275":1,"1280":2,"1281":1,"1287":2,"1288":0,"1290":0,"1291":0,"1294":0,"1295":0,"1297":0,"1298":0,"1300":0,"1301":0,"1304":0,"1306":0,"1307":0,"1309":0,"1310":0,"1311":0,"1313":0,"1315":0,"1316":0,"1319":0,"1322":0,"1323":0,"1325":0,"1326":0,"1328":0,"1329":0,"1332":0,"1333":0,"1336":0,"1339":0,"1348":1,"1354":1,"1360":1,"1366":1,"1367":0,"1368":0,"1369":0,"1370":0,"1373":0,"1374":0,"1375":0,"1376":0,"1377":0,"1378":0,"1381":0,"1382":0,"1383":0,"1386":0,"1394":1,"1399":1,"1400":0,"1401":0,"1403":0,"1405":0,"1406":0,"1407":0,"1408":0,"1410":0,"1413":0,"1414":0,"1416":0,"1425":1,"1431":1,"1432":0,"1433":0,"1435":0,"1436":0,"1437":0,"1439":0,"1448":1,"1449":0,"1450":0,"1451":0,"1453":0,"1454":0,"1455":0,"1457":0,"1466":1,"1467":0,"1468":0,"1469":0,"1471":0,"1472":0,"1473":0,"1475":0,"1484":1}}}